CRITICAL - 2024-08-30 07:03:22 --> Error: Class "Home" not found
[Method: CLI, Route: serve]
in APPPATH\Config\Routes.php on line 9.
 1 SYSTEMPATH\Router\RouteCollection.php(340): require()
 2 SYSTEMPATH\CLI\Console.php(41): CodeIgniter\Router\RouteCollection->loadRoutes()
 3 SYSTEMPATH\Boot.php(351): CodeIgniter\CLI\Console->run()
 4 SYSTEMPATH\Boot.php(104): CodeIgniter\Boot::runCommand(Object(CodeIgniter\CLI\Console))
 5 ROOTPATH\spark(84): CodeIgniter\Boot::bootSpark(Object(Config\Paths))
CRITICAL - 2024-08-30 07:31:47 --> Error: Class "App\Model\UserModel" not found
[Method: GET, Route: /]
in APPPATH\Controllers\Home.php on line 10.
 1 SYSTEMPATH\CodeIgniter.php(933): App\Controllers\Home->index()
 2 SYSTEMPATH\CodeIgniter.php(509): CodeIgniter\CodeIgniter->runController(Object(App\Controllers\Home))
 3 SYSTEMPATH\CodeIgniter.php(355): CodeIgniter\CodeIgniter->handleRequest(null, Object(Config\Cache), false)
 4 SYSTEMPATH\Boot.php(325): CodeIgniter\CodeIgniter->run()
 5 SYSTEMPATH\Boot.php(67): CodeIgniter\Boot::runCodeIgniter(Object(CodeIgniter\CodeIgniter))
 6 FCPATH\index.php(56): CodeIgniter\Boot::bootWeb(Object(Config\Paths))
 7 SYSTEMPATH\rewrite.php(44): require_once('D:\\laragon\\www\\codeigniter\\public\\index.php')
CRITICAL - 2024-08-30 07:33:12 --> Error: Class "App\Model\UserModel" not found
[Method: GET, Route: /]
in APPPATH\Controllers\Home.php on line 10.
 1 SYSTEMPATH\CodeIgniter.php(933): App\Controllers\Home->index()
 2 SYSTEMPATH\CodeIgniter.php(509): CodeIgniter\CodeIgniter->runController(Object(App\Controllers\Home))
 3 SYSTEMPATH\CodeIgniter.php(355): CodeIgniter\CodeIgniter->handleRequest(null, Object(Config\Cache), false)
 4 SYSTEMPATH\Boot.php(325): CodeIgniter\CodeIgniter->run()
 5 SYSTEMPATH\Boot.php(67): CodeIgniter\Boot::runCodeIgniter(Object(CodeIgniter\CodeIgniter))
 6 FCPATH\index.php(56): CodeIgniter\Boot::bootWeb(Object(Config\Paths))
 7 SYSTEMPATH\rewrite.php(44): require_once('D:\\laragon\\www\\codeigniter\\public\\index.php')
CRITICAL - 2024-08-30 07:33:45 --> Error: Class "App\Model\UserModel" not found
[Method: GET, Route: /]
in APPPATH\Controllers\Home.php on line 10.
 1 SYSTEMPATH\CodeIgniter.php(933): App\Controllers\Home->index()
 2 SYSTEMPATH\CodeIgniter.php(509): CodeIgniter\CodeIgniter->runController(Object(App\Controllers\Home))
 3 SYSTEMPATH\CodeIgniter.php(355): CodeIgniter\CodeIgniter->handleRequest(null, Object(Config\Cache), false)
 4 SYSTEMPATH\Boot.php(325): CodeIgniter\CodeIgniter->run()
 5 SYSTEMPATH\Boot.php(67): CodeIgniter\Boot::runCodeIgniter(Object(CodeIgniter\CodeIgniter))
 6 FCPATH\index.php(56): CodeIgniter\Boot::bootWeb(Object(Config\Paths))
 7 SYSTEMPATH\rewrite.php(44): require_once('D:\\laragon\\www\\codeigniter\\public\\index.php')
CRITICAL - 2024-08-30 07:50:19 --> CodeIgniter\View\Exceptions\ViewException: Invalid file: "/.php"
[Method: POST, Route: update/1]
in SYSTEMPATH\Exceptions\FrameworkException.php on line 41.
 1 SYSTEMPATH\View\View.php(222): CodeIgniter\Exceptions\FrameworkException::forInvalidFile('/.php')
 2 SYSTEMPATH\Common.php(1171): CodeIgniter\View\View->render('/', [], true)
 3 APPPATH\Controllers\Home.php(43): view('/')
 4 SYSTEMPATH\CodeIgniter.php(933): App\Controllers\Home->update('1')
 5 SYSTEMPATH\CodeIgniter.php(509): CodeIgniter\CodeIgniter->runController(Object(App\Controllers\Home))
 6 SYSTEMPATH\CodeIgniter.php(355): CodeIgniter\CodeIgniter->handleRequest(null, Object(Config\Cache), false)
 7 SYSTEMPATH\Boot.php(325): CodeIgniter\CodeIgniter->run()
 8 SYSTEMPATH\Boot.php(67): CodeIgniter\Boot::runCodeIgniter(Object(CodeIgniter\CodeIgniter))
 9 FCPATH\index.php(56): CodeIgniter\Boot::bootWeb(Object(Config\Paths))
10 SYSTEMPATH\rewrite.php(44): require_once('D:\\laragon\\www\\codeigniter\\public\\index.php')
CRITICAL - 2024-08-30 07:51:23 --> TypeError: CodeIgniter\HTTP\RedirectResponse::to(): Argument #2 ($code) must be of type ?int, string given, called in D:\laragon\www\codeigniter\app\Controllers\Home.php on line 43
[Method: POST, Route: update/1]
in SYSTEMPATH\HTTP\RedirectResponse.php on line 36.
 1 APPPATH\Controllers\Home.php(43): CodeIgniter\HTTP\RedirectResponse->to('success', 'update')
 2 SYSTEMPATH\CodeIgniter.php(933): App\Controllers\Home->update('1')
 3 SYSTEMPATH\CodeIgniter.php(509): CodeIgniter\CodeIgniter->runController(Object(App\Controllers\Home))
 4 SYSTEMPATH\CodeIgniter.php(355): CodeIgniter\CodeIgniter->handleRequest(null, Object(Config\Cache), false)
 5 SYSTEMPATH\Boot.php(325): CodeIgniter\CodeIgniter->run()
 6 SYSTEMPATH\Boot.php(67): CodeIgniter\Boot::runCodeIgniter(Object(CodeIgniter\CodeIgniter))
 7 FCPATH\index.php(56): CodeIgniter\Boot::bootWeb(Object(Config\Paths))
 8 SYSTEMPATH\rewrite.php(44): require_once('D:\\laragon\\www\\codeigniter\\public\\index.php')
CRITICAL - 2024-08-30 07:51:36 --> TypeError: CodeIgniter\HTTP\RedirectResponse::to(): Argument #2 ($code) must be of type ?int, string given, called in D:\laragon\www\codeigniter\app\Controllers\Home.php on line 43
[Method: POST, Route: update/1]
in SYSTEMPATH\HTTP\RedirectResponse.php on line 36.
 1 APPPATH\Controllers\Home.php(43): CodeIgniter\HTTP\RedirectResponse->to('success', '/')
 2 SYSTEMPATH\CodeIgniter.php(933): App\Controllers\Home->update('1')
 3 SYSTEMPATH\CodeIgniter.php(509): CodeIgniter\CodeIgniter->runController(Object(App\Controllers\Home))
 4 SYSTEMPATH\CodeIgniter.php(355): CodeIgniter\CodeIgniter->handleRequest(null, Object(Config\Cache), false)
 5 SYSTEMPATH\Boot.php(325): CodeIgniter\CodeIgniter->run()
 6 SYSTEMPATH\Boot.php(67): CodeIgniter\Boot::runCodeIgniter(Object(CodeIgniter\CodeIgniter))
 7 FCPATH\index.php(56): CodeIgniter\Boot::bootWeb(Object(Config\Paths))
 8 SYSTEMPATH\rewrite.php(44): require_once('D:\\laragon\\www\\codeigniter\\public\\index.php')
CRITICAL - 2024-08-30 07:51:38 --> TypeError: CodeIgniter\HTTP\RedirectResponse::to(): Argument #2 ($code) must be of type ?int, string given, called in D:\laragon\www\codeigniter\app\Controllers\Home.php on line 43
[Method: POST, Route: update/1]
in SYSTEMPATH\HTTP\RedirectResponse.php on line 36.
 1 APPPATH\Controllers\Home.php(43): CodeIgniter\HTTP\RedirectResponse->to('success', '/')
 2 SYSTEMPATH\CodeIgniter.php(933): App\Controllers\Home->update('1')
 3 SYSTEMPATH\CodeIgniter.php(509): CodeIgniter\CodeIgniter->runController(Object(App\Controllers\Home))
 4 SYSTEMPATH\CodeIgniter.php(355): CodeIgniter\CodeIgniter->handleRequest(null, Object(Config\Cache), false)
 5 SYSTEMPATH\Boot.php(325): CodeIgniter\CodeIgniter->run()
 6 SYSTEMPATH\Boot.php(67): CodeIgniter\Boot::runCodeIgniter(Object(CodeIgniter\CodeIgniter))
 7 FCPATH\index.php(56): CodeIgniter\Boot::bootWeb(Object(Config\Paths))
 8 SYSTEMPATH\rewrite.php(44): require_once('D:\\laragon\\www\\codeigniter\\public\\index.php')
CRITICAL - 2024-08-30 08:07:48 --> TypeError: CodeIgniter\HTTP\RedirectResponse::to(): Argument #2 ($code) must be of type ?int, string given, called in D:\laragon\www\codeigniter\app\Controllers\Home.php on line 25
[Method: POST, Route: ajout]
in SYSTEMPATH\HTTP\RedirectResponse.php on line 36.
 1 APPPATH\Controllers\Home.php(25): CodeIgniter\HTTP\RedirectResponse->to('success', '')
 2 SYSTEMPATH\CodeIgniter.php(933): App\Controllers\Home->enregistre()
 3 SYSTEMPATH\CodeIgniter.php(509): CodeIgniter\CodeIgniter->runController(Object(App\Controllers\Home))
 4 SYSTEMPATH\CodeIgniter.php(355): CodeIgniter\CodeIgniter->handleRequest(null, Object(Config\Cache), false)
 5 SYSTEMPATH\Boot.php(325): CodeIgniter\CodeIgniter->run()
 6 SYSTEMPATH\Boot.php(67): CodeIgniter\Boot::runCodeIgniter(Object(CodeIgniter\CodeIgniter))
 7 FCPATH\index.php(56): CodeIgniter\Boot::bootWeb(Object(Config\Paths))
 8 SYSTEMPATH\rewrite.php(44): require_once('D:\\laragon\\www\\codeigniter\\public\\index.php')
CRITICAL - 2024-08-30 08:08:48 --> TypeError: CodeIgniter\HTTP\RedirectResponse::to(): Argument #2 ($code) must be of type ?int, string given, called in D:\laragon\www\codeigniter\app\Controllers\Home.php on line 25
[Method: POST, Route: ajout]
in SYSTEMPATH\HTTP\RedirectResponse.php on line 36.
 1 APPPATH\Controllers\Home.php(25): CodeIgniter\HTTP\RedirectResponse->to('success', 'ajout')
 2 SYSTEMPATH\CodeIgniter.php(933): App\Controllers\Home->enregistre()
 3 SYSTEMPATH\CodeIgniter.php(509): CodeIgniter\CodeIgniter->runController(Object(App\Controllers\Home))
 4 SYSTEMPATH\CodeIgniter.php(355): CodeIgniter\CodeIgniter->handleRequest(null, Object(Config\Cache), false)
 5 SYSTEMPATH\Boot.php(325): CodeIgniter\CodeIgniter->run()
 6 SYSTEMPATH\Boot.php(67): CodeIgniter\Boot::runCodeIgniter(Object(CodeIgniter\CodeIgniter))
 7 FCPATH\index.php(56): CodeIgniter\Boot::bootWeb(Object(Config\Paths))
 8 SYSTEMPATH\rewrite.php(44): require_once('D:\\laragon\\www\\codeigniter\\public\\index.php')
CRITICAL - 2024-08-30 14:15:19 --> TypeError: CodeIgniter\HTTP\RedirectResponse::to(): Argument #2 ($code) must be of type ?int, string given, called in D:\laragon\www\codeigniter\app\Controllers\Home.php on line 25
[Method: POST, Route: ajout]
in SYSTEMPATH\HTTP\RedirectResponse.php on line 36.
 1 APPPATH\Controllers\Home.php(25): CodeIgniter\HTTP\RedirectResponse->to('success', 'ajout')
 2 SYSTEMPATH\CodeIgniter.php(933): App\Controllers\Home->enregistre()
 3 SYSTEMPATH\CodeIgniter.php(509): CodeIgniter\CodeIgniter->runController(Object(App\Controllers\Home))
 4 SYSTEMPATH\CodeIgniter.php(355): CodeIgniter\CodeIgniter->handleRequest(null, Object(Config\Cache), false)
 5 SYSTEMPATH\Boot.php(325): CodeIgniter\CodeIgniter->run()
 6 SYSTEMPATH\Boot.php(67): CodeIgniter\Boot::runCodeIgniter(Object(CodeIgniter\CodeIgniter))
 7 FCPATH\index.php(56): CodeIgniter\Boot::bootWeb(Object(Config\Paths))
 8 SYSTEMPATH\rewrite.php(44): require_once('D:\\laragon\\www\\codeigniter\\public\\index.php')
ERROR - 2024-08-30 14:52:38 --> Error connecting to the database: mysqli_sql_exception: Aucune connexion n’a pu être établie car l’ordinateur cible l’a expressément refusée in D:\laragon\www\codeigniter\system\Database\MySQLi\Connection.php:187
Stack trace:
#0 D:\laragon\www\codeigniter\system\Database\MySQLi\Connection.php(187): mysqli->real_connect('localhost', 'root', '', 'bota', 3306, '', 0)
#1 D:\laragon\www\codeigniter\system\Database\BaseConnection.php(421): CodeIgniter\Database\MySQLi\Connection->connect(false)
#2 D:\laragon\www\codeigniter\system\Database\BaseConnection.php(616): CodeIgniter\Database\BaseConnection->initialize()
#3 D:\laragon\www\codeigniter\system\Database\BaseBuilder.php(1636): CodeIgniter\Database\BaseConnection->query('SELECT *\nFROM `...', Array, false)
#4 D:\laragon\www\codeigniter\system\Model.php(286): CodeIgniter\Database\BaseBuilder->get()
#5 D:\laragon\www\codeigniter\system\BaseModel.php(676): CodeIgniter\Model->doFindAll(0, 0)
#6 D:\laragon\www\codeigniter\app\Controllers\Home.php(11): CodeIgniter\BaseModel->findAll()
#7 D:\laragon\www\codeigniter\system\CodeIgniter.php(933): App\Controllers\Home->index()
#8 D:\laragon\www\codeigniter\system\CodeIgniter.php(509): CodeIgniter\CodeIgniter->runController(Object(App\Controllers\Home))
#9 D:\laragon\www\codeigniter\system\CodeIgniter.php(355): CodeIgniter\CodeIgniter->handleRequest(NULL, Object(Config\Cache), false)
#10 D:\laragon\www\codeigniter\system\Boot.php(325): CodeIgniter\CodeIgniter->run()
#11 D:\laragon\www\codeigniter\system\Boot.php(67): CodeIgniter\Boot::runCodeIgniter(Object(CodeIgniter\CodeIgniter))
#12 D:\laragon\www\codeigniter\public\index.php(56): CodeIgniter\Boot::bootWeb(Object(Config\Paths))
#13 D:\laragon\www\codeigniter\system\rewrite.php(44): require_once('D:\\laragon\\www\\...')
#14 {main}

Next CodeIgniter\Database\Exceptions\DatabaseException: Aucune connexion n’a pu être établie car l’ordinateur cible l’a expressément refusée in D:\laragon\www\codeigniter\system\Database\MySQLi\Connection.php:231
Stack trace:
#0 D:\laragon\www\codeigniter\system\Database\BaseConnection.php(421): CodeIgniter\Database\MySQLi\Connection->connect(false)
#1 D:\laragon\www\codeigniter\system\Database\BaseConnection.php(616): CodeIgniter\Database\BaseConnection->initialize()
#2 D:\laragon\www\codeigniter\system\Database\BaseBuilder.php(1636): CodeIgniter\Database\BaseConnection->query('SELECT *\nFROM `...', Array, false)
#3 D:\laragon\www\codeigniter\system\Model.php(286): CodeIgniter\Database\BaseBuilder->get()
#4 D:\laragon\www\codeigniter\system\BaseModel.php(676): CodeIgniter\Model->doFindAll(0, 0)
#5 D:\laragon\www\codeigniter\app\Controllers\Home.php(11): CodeIgniter\BaseModel->findAll()
#6 D:\laragon\www\codeigniter\system\CodeIgniter.php(933): App\Controllers\Home->index()
#7 D:\laragon\www\codeigniter\system\CodeIgniter.php(509): CodeIgniter\CodeIgniter->runController(Object(App\Controllers\Home))
#8 D:\laragon\www\codeigniter\system\CodeIgniter.php(355): CodeIgniter\CodeIgniter->handleRequest(NULL, Object(Config\Cache), false)
#9 D:\laragon\www\codeigniter\system\Boot.php(325): CodeIgniter\CodeIgniter->run()
#10 D:\laragon\www\codeigniter\system\Boot.php(67): CodeIgniter\Boot::runCodeIgniter(Object(CodeIgniter\CodeIgniter))
#11 D:\laragon\www\codeigniter\public\index.php(56): CodeIgniter\Boot::bootWeb(Object(Config\Paths))
#12 D:\laragon\www\codeigniter\system\rewrite.php(44): require_once('D:\\laragon\\www\\...')
#13 {main}
CRITICAL - 2024-08-30 14:52:38 --> CodeIgniter\Database\Exceptions\DatabaseException: Unable to connect to the database.
Main connection [MySQLi]: Aucune connexion n’a pu être établie car l’ordinateur cible l’a expressément refusée
[Method: GET, Route: /]
in SYSTEMPATH\Database\BaseConnection.php on line 467.
 1 SYSTEMPATH\Database\BaseConnection.php(616): CodeIgniter\Database\BaseConnection->initialize()
 2 SYSTEMPATH\Database\BaseBuilder.php(1636): CodeIgniter\Database\BaseConnection->query('SELECT *
FROM `manja`', [], false)
 3 SYSTEMPATH\Model.php(286): CodeIgniter\Database\BaseBuilder->get()
 4 SYSTEMPATH\BaseModel.php(676): CodeIgniter\Model->doFindAll(0, 0)
 5 APPPATH\Controllers\Home.php(11): CodeIgniter\BaseModel->findAll()
 6 SYSTEMPATH\CodeIgniter.php(933): App\Controllers\Home->index()
 7 SYSTEMPATH\CodeIgniter.php(509): CodeIgniter\CodeIgniter->runController(Object(App\Controllers\Home))
 8 SYSTEMPATH\CodeIgniter.php(355): CodeIgniter\CodeIgniter->handleRequest(null, Object(Config\Cache), false)
 9 SYSTEMPATH\Boot.php(325): CodeIgniter\CodeIgniter->run()
10 SYSTEMPATH\Boot.php(67): CodeIgniter\Boot::runCodeIgniter(Object(CodeIgniter\CodeIgniter))
11 FCPATH\index.php(56): CodeIgniter\Boot::bootWeb(Object(Config\Paths))
12 SYSTEMPATH\rewrite.php(44): require_once('D:\\laragon\\www\\codeigniter\\public\\index.php')
ERROR - 2024-08-30 14:52:47 --> Error connecting to the database: mysqli_sql_exception: Aucune connexion n’a pu être établie car l’ordinateur cible l’a expressément refusée in D:\laragon\www\codeigniter\system\Database\MySQLi\Connection.php:187
Stack trace:
#0 D:\laragon\www\codeigniter\system\Database\MySQLi\Connection.php(187): mysqli->real_connect('localhost', 'root', '', 'bota', 3306, '', 0)
#1 D:\laragon\www\codeigniter\system\Database\BaseConnection.php(421): CodeIgniter\Database\MySQLi\Connection->connect(false)
#2 D:\laragon\www\codeigniter\system\Database\BaseConnection.php(616): CodeIgniter\Database\BaseConnection->initialize()
#3 D:\laragon\www\codeigniter\system\Database\BaseBuilder.php(1636): CodeIgniter\Database\BaseConnection->query('SELECT *\nFROM `...', Array, false)
#4 D:\laragon\www\codeigniter\system\Model.php(286): CodeIgniter\Database\BaseBuilder->get()
#5 D:\laragon\www\codeigniter\system\BaseModel.php(676): CodeIgniter\Model->doFindAll(0, 0)
#6 D:\laragon\www\codeigniter\app\Controllers\Home.php(11): CodeIgniter\BaseModel->findAll()
#7 D:\laragon\www\codeigniter\system\CodeIgniter.php(933): App\Controllers\Home->index()
#8 D:\laragon\www\codeigniter\system\CodeIgniter.php(509): CodeIgniter\CodeIgniter->runController(Object(App\Controllers\Home))
#9 D:\laragon\www\codeigniter\system\CodeIgniter.php(355): CodeIgniter\CodeIgniter->handleRequest(NULL, Object(Config\Cache), false)
#10 D:\laragon\www\codeigniter\system\Boot.php(325): CodeIgniter\CodeIgniter->run()
#11 D:\laragon\www\codeigniter\system\Boot.php(67): CodeIgniter\Boot::runCodeIgniter(Object(CodeIgniter\CodeIgniter))
#12 D:\laragon\www\codeigniter\public\index.php(56): CodeIgniter\Boot::bootWeb(Object(Config\Paths))
#13 D:\laragon\www\codeigniter\system\rewrite.php(44): require_once('D:\\laragon\\www\\...')
#14 {main}

Next CodeIgniter\Database\Exceptions\DatabaseException: Aucune connexion n’a pu être établie car l’ordinateur cible l’a expressément refusée in D:\laragon\www\codeigniter\system\Database\MySQLi\Connection.php:231
Stack trace:
#0 D:\laragon\www\codeigniter\system\Database\BaseConnection.php(421): CodeIgniter\Database\MySQLi\Connection->connect(false)
#1 D:\laragon\www\codeigniter\system\Database\BaseConnection.php(616): CodeIgniter\Database\BaseConnection->initialize()
#2 D:\laragon\www\codeigniter\system\Database\BaseBuilder.php(1636): CodeIgniter\Database\BaseConnection->query('SELECT *\nFROM `...', Array, false)
#3 D:\laragon\www\codeigniter\system\Model.php(286): CodeIgniter\Database\BaseBuilder->get()
#4 D:\laragon\www\codeigniter\system\BaseModel.php(676): CodeIgniter\Model->doFindAll(0, 0)
#5 D:\laragon\www\codeigniter\app\Controllers\Home.php(11): CodeIgniter\BaseModel->findAll()
#6 D:\laragon\www\codeigniter\system\CodeIgniter.php(933): App\Controllers\Home->index()
#7 D:\laragon\www\codeigniter\system\CodeIgniter.php(509): CodeIgniter\CodeIgniter->runController(Object(App\Controllers\Home))
#8 D:\laragon\www\codeigniter\system\CodeIgniter.php(355): CodeIgniter\CodeIgniter->handleRequest(NULL, Object(Config\Cache), false)
#9 D:\laragon\www\codeigniter\system\Boot.php(325): CodeIgniter\CodeIgniter->run()
#10 D:\laragon\www\codeigniter\system\Boot.php(67): CodeIgniter\Boot::runCodeIgniter(Object(CodeIgniter\CodeIgniter))
#11 D:\laragon\www\codeigniter\public\index.php(56): CodeIgniter\Boot::bootWeb(Object(Config\Paths))
#12 D:\laragon\www\codeigniter\system\rewrite.php(44): require_once('D:\\laragon\\www\\...')
#13 {main}
CRITICAL - 2024-08-30 14:52:47 --> CodeIgniter\Database\Exceptions\DatabaseException: Unable to connect to the database.
Main connection [MySQLi]: Aucune connexion n’a pu être établie car l’ordinateur cible l’a expressément refusée
[Method: GET, Route: /]
in SYSTEMPATH\Database\BaseConnection.php on line 467.
 1 SYSTEMPATH\Database\BaseConnection.php(616): CodeIgniter\Database\BaseConnection->initialize()
 2 SYSTEMPATH\Database\BaseBuilder.php(1636): CodeIgniter\Database\BaseConnection->query('SELECT *
FROM `manja`', [], false)
 3 SYSTEMPATH\Model.php(286): CodeIgniter\Database\BaseBuilder->get()
 4 SYSTEMPATH\BaseModel.php(676): CodeIgniter\Model->doFindAll(0, 0)
 5 APPPATH\Controllers\Home.php(11): CodeIgniter\BaseModel->findAll()
 6 SYSTEMPATH\CodeIgniter.php(933): App\Controllers\Home->index()
 7 SYSTEMPATH\CodeIgniter.php(509): CodeIgniter\CodeIgniter->runController(Object(App\Controllers\Home))
 8 SYSTEMPATH\CodeIgniter.php(355): CodeIgniter\CodeIgniter->handleRequest(null, Object(Config\Cache), false)
 9 SYSTEMPATH\Boot.php(325): CodeIgniter\CodeIgniter->run()
10 SYSTEMPATH\Boot.php(67): CodeIgniter\Boot::runCodeIgniter(Object(CodeIgniter\CodeIgniter))
11 FCPATH\index.php(56): CodeIgniter\Boot::bootWeb(Object(Config\Paths))
12 SYSTEMPATH\rewrite.php(44): require_once('D:\\laragon\\www\\codeigniter\\public\\index.php')
ERROR - 2024-08-30 14:53:08 --> Error connecting to the database: mysqli_sql_exception: Aucune connexion n’a pu être établie car l’ordinateur cible l’a expressément refusée in D:\laragon\www\codeigniter\system\Database\MySQLi\Connection.php:187
Stack trace:
#0 D:\laragon\www\codeigniter\system\Database\MySQLi\Connection.php(187): mysqli->real_connect('localhost', 'root', '', 'bota', 3306, '', 0)
#1 D:\laragon\www\codeigniter\system\Database\BaseConnection.php(421): CodeIgniter\Database\MySQLi\Connection->connect(false)
#2 D:\laragon\www\codeigniter\system\Database\BaseConnection.php(616): CodeIgniter\Database\BaseConnection->initialize()
#3 D:\laragon\www\codeigniter\system\Database\BaseBuilder.php(1636): CodeIgniter\Database\BaseConnection->query('SELECT *\nFROM `...', Array, false)
#4 D:\laragon\www\codeigniter\system\Model.php(286): CodeIgniter\Database\BaseBuilder->get()
#5 D:\laragon\www\codeigniter\system\BaseModel.php(676): CodeIgniter\Model->doFindAll(0, 0)
#6 D:\laragon\www\codeigniter\app\Controllers\Home.php(11): CodeIgniter\BaseModel->findAll()
#7 D:\laragon\www\codeigniter\system\CodeIgniter.php(933): App\Controllers\Home->index()
#8 D:\laragon\www\codeigniter\system\CodeIgniter.php(509): CodeIgniter\CodeIgniter->runController(Object(App\Controllers\Home))
#9 D:\laragon\www\codeigniter\system\CodeIgniter.php(355): CodeIgniter\CodeIgniter->handleRequest(NULL, Object(Config\Cache), false)
#10 D:\laragon\www\codeigniter\system\Boot.php(325): CodeIgniter\CodeIgniter->run()
#11 D:\laragon\www\codeigniter\system\Boot.php(67): CodeIgniter\Boot::runCodeIgniter(Object(CodeIgniter\CodeIgniter))
#12 D:\laragon\www\codeigniter\public\index.php(56): CodeIgniter\Boot::bootWeb(Object(Config\Paths))
#13 D:\laragon\www\codeigniter\system\rewrite.php(44): require_once('D:\\laragon\\www\\...')
#14 {main}

Next CodeIgniter\Database\Exceptions\DatabaseException: Aucune connexion n’a pu être établie car l’ordinateur cible l’a expressément refusée in D:\laragon\www\codeigniter\system\Database\MySQLi\Connection.php:231
Stack trace:
#0 D:\laragon\www\codeigniter\system\Database\BaseConnection.php(421): CodeIgniter\Database\MySQLi\Connection->connect(false)
#1 D:\laragon\www\codeigniter\system\Database\BaseConnection.php(616): CodeIgniter\Database\BaseConnection->initialize()
#2 D:\laragon\www\codeigniter\system\Database\BaseBuilder.php(1636): CodeIgniter\Database\BaseConnection->query('SELECT *\nFROM `...', Array, false)
#3 D:\laragon\www\codeigniter\system\Model.php(286): CodeIgniter\Database\BaseBuilder->get()
#4 D:\laragon\www\codeigniter\system\BaseModel.php(676): CodeIgniter\Model->doFindAll(0, 0)
#5 D:\laragon\www\codeigniter\app\Controllers\Home.php(11): CodeIgniter\BaseModel->findAll()
#6 D:\laragon\www\codeigniter\system\CodeIgniter.php(933): App\Controllers\Home->index()
#7 D:\laragon\www\codeigniter\system\CodeIgniter.php(509): CodeIgniter\CodeIgniter->runController(Object(App\Controllers\Home))
#8 D:\laragon\www\codeigniter\system\CodeIgniter.php(355): CodeIgniter\CodeIgniter->handleRequest(NULL, Object(Config\Cache), false)
#9 D:\laragon\www\codeigniter\system\Boot.php(325): CodeIgniter\CodeIgniter->run()
#10 D:\laragon\www\codeigniter\system\Boot.php(67): CodeIgniter\Boot::runCodeIgniter(Object(CodeIgniter\CodeIgniter))
#11 D:\laragon\www\codeigniter\public\index.php(56): CodeIgniter\Boot::bootWeb(Object(Config\Paths))
#12 D:\laragon\www\codeigniter\system\rewrite.php(44): require_once('D:\\laragon\\www\\...')
#13 {main}
CRITICAL - 2024-08-30 14:53:08 --> CodeIgniter\Database\Exceptions\DatabaseException: Unable to connect to the database.
Main connection [MySQLi]: Aucune connexion n’a pu être établie car l’ordinateur cible l’a expressément refusée
[Method: GET, Route: /]
in SYSTEMPATH\Database\BaseConnection.php on line 467.
 1 SYSTEMPATH\Database\BaseConnection.php(616): CodeIgniter\Database\BaseConnection->initialize()
 2 SYSTEMPATH\Database\BaseBuilder.php(1636): CodeIgniter\Database\BaseConnection->query('SELECT *
FROM `manja`', [], false)
 3 SYSTEMPATH\Model.php(286): CodeIgniter\Database\BaseBuilder->get()
 4 SYSTEMPATH\BaseModel.php(676): CodeIgniter\Model->doFindAll(0, 0)
 5 APPPATH\Controllers\Home.php(11): CodeIgniter\BaseModel->findAll()
 6 SYSTEMPATH\CodeIgniter.php(933): App\Controllers\Home->index()
 7 SYSTEMPATH\CodeIgniter.php(509): CodeIgniter\CodeIgniter->runController(Object(App\Controllers\Home))
 8 SYSTEMPATH\CodeIgniter.php(355): CodeIgniter\CodeIgniter->handleRequest(null, Object(Config\Cache), false)
 9 SYSTEMPATH\Boot.php(325): CodeIgniter\CodeIgniter->run()
10 SYSTEMPATH\Boot.php(67): CodeIgniter\Boot::runCodeIgniter(Object(CodeIgniter\CodeIgniter))
11 FCPATH\index.php(56): CodeIgniter\Boot::bootWeb(Object(Config\Paths))
12 SYSTEMPATH\rewrite.php(44): require_once('D:\\laragon\\www\\codeigniter\\public\\index.php')
ERROR - 2024-08-30 14:54:09 --> Error connecting to the database: mysqli_sql_exception: Aucune connexion n’a pu être établie car l’ordinateur cible l’a expressément refusée in D:\laragon\www\codeigniter\system\Database\MySQLi\Connection.php:187
Stack trace:
#0 D:\laragon\www\codeigniter\system\Database\MySQLi\Connection.php(187): mysqli->real_connect('localhost', 'root', '', 'bota', 3306, '', 0)
#1 D:\laragon\www\codeigniter\system\Database\BaseConnection.php(421): CodeIgniter\Database\MySQLi\Connection->connect(false)
#2 D:\laragon\www\codeigniter\system\Database\BaseConnection.php(616): CodeIgniter\Database\BaseConnection->initialize()
#3 D:\laragon\www\codeigniter\system\Database\BaseBuilder.php(1636): CodeIgniter\Database\BaseConnection->query('SELECT *\nFROM `...', Array, false)
#4 D:\laragon\www\codeigniter\system\Model.php(286): CodeIgniter\Database\BaseBuilder->get()
#5 D:\laragon\www\codeigniter\system\BaseModel.php(676): CodeIgniter\Model->doFindAll(0, 0)
#6 D:\laragon\www\codeigniter\app\Controllers\Home.php(11): CodeIgniter\BaseModel->findAll()
#7 D:\laragon\www\codeigniter\system\CodeIgniter.php(933): App\Controllers\Home->index()
#8 D:\laragon\www\codeigniter\system\CodeIgniter.php(509): CodeIgniter\CodeIgniter->runController(Object(App\Controllers\Home))
#9 D:\laragon\www\codeigniter\system\CodeIgniter.php(355): CodeIgniter\CodeIgniter->handleRequest(NULL, Object(Config\Cache), false)
#10 D:\laragon\www\codeigniter\system\Boot.php(325): CodeIgniter\CodeIgniter->run()
#11 D:\laragon\www\codeigniter\system\Boot.php(67): CodeIgniter\Boot::runCodeIgniter(Object(CodeIgniter\CodeIgniter))
#12 D:\laragon\www\codeigniter\public\index.php(56): CodeIgniter\Boot::bootWeb(Object(Config\Paths))
#13 D:\laragon\www\codeigniter\system\rewrite.php(44): require_once('D:\\laragon\\www\\...')
#14 {main}

Next CodeIgniter\Database\Exceptions\DatabaseException: Aucune connexion n’a pu être établie car l’ordinateur cible l’a expressément refusée in D:\laragon\www\codeigniter\system\Database\MySQLi\Connection.php:231
Stack trace:
#0 D:\laragon\www\codeigniter\system\Database\BaseConnection.php(421): CodeIgniter\Database\MySQLi\Connection->connect(false)
#1 D:\laragon\www\codeigniter\system\Database\BaseConnection.php(616): CodeIgniter\Database\BaseConnection->initialize()
#2 D:\laragon\www\codeigniter\system\Database\BaseBuilder.php(1636): CodeIgniter\Database\BaseConnection->query('SELECT *\nFROM `...', Array, false)
#3 D:\laragon\www\codeigniter\system\Model.php(286): CodeIgniter\Database\BaseBuilder->get()
#4 D:\laragon\www\codeigniter\system\BaseModel.php(676): CodeIgniter\Model->doFindAll(0, 0)
#5 D:\laragon\www\codeigniter\app\Controllers\Home.php(11): CodeIgniter\BaseModel->findAll()
#6 D:\laragon\www\codeigniter\system\CodeIgniter.php(933): App\Controllers\Home->index()
#7 D:\laragon\www\codeigniter\system\CodeIgniter.php(509): CodeIgniter\CodeIgniter->runController(Object(App\Controllers\Home))
#8 D:\laragon\www\codeigniter\system\CodeIgniter.php(355): CodeIgniter\CodeIgniter->handleRequest(NULL, Object(Config\Cache), false)
#9 D:\laragon\www\codeigniter\system\Boot.php(325): CodeIgniter\CodeIgniter->run()
#10 D:\laragon\www\codeigniter\system\Boot.php(67): CodeIgniter\Boot::runCodeIgniter(Object(CodeIgniter\CodeIgniter))
#11 D:\laragon\www\codeigniter\public\index.php(56): CodeIgniter\Boot::bootWeb(Object(Config\Paths))
#12 D:\laragon\www\codeigniter\system\rewrite.php(44): require_once('D:\\laragon\\www\\...')
#13 {main}
CRITICAL - 2024-08-30 14:54:09 --> CodeIgniter\Database\Exceptions\DatabaseException: Unable to connect to the database.
Main connection [MySQLi]: Aucune connexion n’a pu être établie car l’ordinateur cible l’a expressément refusée
[Method: GET, Route: /]
in SYSTEMPATH\Database\BaseConnection.php on line 467.
 1 SYSTEMPATH\Database\BaseConnection.php(616): CodeIgniter\Database\BaseConnection->initialize()
 2 SYSTEMPATH\Database\BaseBuilder.php(1636): CodeIgniter\Database\BaseConnection->query('SELECT *
FROM `manja`', [], false)
 3 SYSTEMPATH\Model.php(286): CodeIgniter\Database\BaseBuilder->get()
 4 SYSTEMPATH\BaseModel.php(676): CodeIgniter\Model->doFindAll(0, 0)
 5 APPPATH\Controllers\Home.php(11): CodeIgniter\BaseModel->findAll()
 6 SYSTEMPATH\CodeIgniter.php(933): App\Controllers\Home->index()
 7 SYSTEMPATH\CodeIgniter.php(509): CodeIgniter\CodeIgniter->runController(Object(App\Controllers\Home))
 8 SYSTEMPATH\CodeIgniter.php(355): CodeIgniter\CodeIgniter->handleRequest(null, Object(Config\Cache), false)
 9 SYSTEMPATH\Boot.php(325): CodeIgniter\CodeIgniter->run()
10 SYSTEMPATH\Boot.php(67): CodeIgniter\Boot::runCodeIgniter(Object(CodeIgniter\CodeIgniter))
11 FCPATH\index.php(56): CodeIgniter\Boot::bootWeb(Object(Config\Paths))
12 SYSTEMPATH\rewrite.php(44): require_once('D:\\laragon\\www\\codeigniter\\public\\index.php')
ERROR - 2024-08-30 14:57:06 --> Error connecting to the database: mysqli_sql_exception: Aucune connexion n’a pu être établie car l’ordinateur cible l’a expressément refusée in D:\laragon\www\codeigniter\system\Database\MySQLi\Connection.php:187
Stack trace:
#0 D:\laragon\www\codeigniter\system\Database\MySQLi\Connection.php(187): mysqli->real_connect('localhost', 'root', '', 'bota', 3306, '', 0)
#1 D:\laragon\www\codeigniter\system\Database\BaseConnection.php(421): CodeIgniter\Database\MySQLi\Connection->connect(false)
#2 D:\laragon\www\codeigniter\system\Database\BaseConnection.php(616): CodeIgniter\Database\BaseConnection->initialize()
#3 D:\laragon\www\codeigniter\system\Database\BaseBuilder.php(1636): CodeIgniter\Database\BaseConnection->query('SELECT *\nFROM `...', Array, false)
#4 D:\laragon\www\codeigniter\system\Model.php(286): CodeIgniter\Database\BaseBuilder->get()
#5 D:\laragon\www\codeigniter\system\BaseModel.php(676): CodeIgniter\Model->doFindAll(0, 0)
#6 D:\laragon\www\codeigniter\app\Controllers\Home.php(11): CodeIgniter\BaseModel->findAll()
#7 D:\laragon\www\codeigniter\system\CodeIgniter.php(933): App\Controllers\Home->index()
#8 D:\laragon\www\codeigniter\system\CodeIgniter.php(509): CodeIgniter\CodeIgniter->runController(Object(App\Controllers\Home))
#9 D:\laragon\www\codeigniter\system\CodeIgniter.php(355): CodeIgniter\CodeIgniter->handleRequest(NULL, Object(Config\Cache), false)
#10 D:\laragon\www\codeigniter\system\Boot.php(325): CodeIgniter\CodeIgniter->run()
#11 D:\laragon\www\codeigniter\system\Boot.php(67): CodeIgniter\Boot::runCodeIgniter(Object(CodeIgniter\CodeIgniter))
#12 D:\laragon\www\codeigniter\public\index.php(56): CodeIgniter\Boot::bootWeb(Object(Config\Paths))
#13 D:\laragon\www\codeigniter\system\rewrite.php(44): require_once('D:\\laragon\\www\\...')
#14 {main}

Next CodeIgniter\Database\Exceptions\DatabaseException: Aucune connexion n’a pu être établie car l’ordinateur cible l’a expressément refusée in D:\laragon\www\codeigniter\system\Database\MySQLi\Connection.php:231
Stack trace:
#0 D:\laragon\www\codeigniter\system\Database\BaseConnection.php(421): CodeIgniter\Database\MySQLi\Connection->connect(false)
#1 D:\laragon\www\codeigniter\system\Database\BaseConnection.php(616): CodeIgniter\Database\BaseConnection->initialize()
#2 D:\laragon\www\codeigniter\system\Database\BaseBuilder.php(1636): CodeIgniter\Database\BaseConnection->query('SELECT *\nFROM `...', Array, false)
#3 D:\laragon\www\codeigniter\system\Model.php(286): CodeIgniter\Database\BaseBuilder->get()
#4 D:\laragon\www\codeigniter\system\BaseModel.php(676): CodeIgniter\Model->doFindAll(0, 0)
#5 D:\laragon\www\codeigniter\app\Controllers\Home.php(11): CodeIgniter\BaseModel->findAll()
#6 D:\laragon\www\codeigniter\system\CodeIgniter.php(933): App\Controllers\Home->index()
#7 D:\laragon\www\codeigniter\system\CodeIgniter.php(509): CodeIgniter\CodeIgniter->runController(Object(App\Controllers\Home))
#8 D:\laragon\www\codeigniter\system\CodeIgniter.php(355): CodeIgniter\CodeIgniter->handleRequest(NULL, Object(Config\Cache), false)
#9 D:\laragon\www\codeigniter\system\Boot.php(325): CodeIgniter\CodeIgniter->run()
#10 D:\laragon\www\codeigniter\system\Boot.php(67): CodeIgniter\Boot::runCodeIgniter(Object(CodeIgniter\CodeIgniter))
#11 D:\laragon\www\codeigniter\public\index.php(56): CodeIgniter\Boot::bootWeb(Object(Config\Paths))
#12 D:\laragon\www\codeigniter\system\rewrite.php(44): require_once('D:\\laragon\\www\\...')
#13 {main}
CRITICAL - 2024-08-30 14:57:06 --> CodeIgniter\Database\Exceptions\DatabaseException: Unable to connect to the database.
Main connection [MySQLi]: Aucune connexion n’a pu être établie car l’ordinateur cible l’a expressément refusée
[Method: GET, Route: /]
in SYSTEMPATH\Database\BaseConnection.php on line 467.
 1 SYSTEMPATH\Database\BaseConnection.php(616): CodeIgniter\Database\BaseConnection->initialize()
 2 SYSTEMPATH\Database\BaseBuilder.php(1636): CodeIgniter\Database\BaseConnection->query('SELECT *
FROM `manja`', [], false)
 3 SYSTEMPATH\Model.php(286): CodeIgniter\Database\BaseBuilder->get()
 4 SYSTEMPATH\BaseModel.php(676): CodeIgniter\Model->doFindAll(0, 0)
 5 APPPATH\Controllers\Home.php(11): CodeIgniter\BaseModel->findAll()
 6 SYSTEMPATH\CodeIgniter.php(933): App\Controllers\Home->index()
 7 SYSTEMPATH\CodeIgniter.php(509): CodeIgniter\CodeIgniter->runController(Object(App\Controllers\Home))
 8 SYSTEMPATH\CodeIgniter.php(355): CodeIgniter\CodeIgniter->handleRequest(null, Object(Config\Cache), false)
 9 SYSTEMPATH\Boot.php(325): CodeIgniter\CodeIgniter->run()
10 SYSTEMPATH\Boot.php(67): CodeIgniter\Boot::runCodeIgniter(Object(CodeIgniter\CodeIgniter))
11 FCPATH\index.php(56): CodeIgniter\Boot::bootWeb(Object(Config\Paths))
12 SYSTEMPATH\rewrite.php(44): require_once('D:\\laragon\\www\\codeigniter\\public\\index.php')
ERROR - 2024-08-30 14:57:44 --> Error connecting to the database: mysqli_sql_exception: Unknown database 'bota' in D:\laragon\www\codeigniter\system\Database\MySQLi\Connection.php:187
Stack trace:
#0 D:\laragon\www\codeigniter\system\Database\MySQLi\Connection.php(187): mysqli->real_connect('localhost', 'root', '', 'bota', 3306, '', 0)
#1 D:\laragon\www\codeigniter\system\Database\BaseConnection.php(421): CodeIgniter\Database\MySQLi\Connection->connect(false)
#2 D:\laragon\www\codeigniter\system\Database\BaseConnection.php(616): CodeIgniter\Database\BaseConnection->initialize()
#3 D:\laragon\www\codeigniter\system\Database\BaseBuilder.php(1636): CodeIgniter\Database\BaseConnection->query('SELECT *\nFROM `...', Array, false)
#4 D:\laragon\www\codeigniter\system\Model.php(286): CodeIgniter\Database\BaseBuilder->get()
#5 D:\laragon\www\codeigniter\system\BaseModel.php(676): CodeIgniter\Model->doFindAll(0, 0)
#6 D:\laragon\www\codeigniter\app\Controllers\Home.php(11): CodeIgniter\BaseModel->findAll()
#7 D:\laragon\www\codeigniter\system\CodeIgniter.php(933): App\Controllers\Home->index()
#8 D:\laragon\www\codeigniter\system\CodeIgniter.php(509): CodeIgniter\CodeIgniter->runController(Object(App\Controllers\Home))
#9 D:\laragon\www\codeigniter\system\CodeIgniter.php(355): CodeIgniter\CodeIgniter->handleRequest(NULL, Object(Config\Cache), false)
#10 D:\laragon\www\codeigniter\system\Boot.php(325): CodeIgniter\CodeIgniter->run()
#11 D:\laragon\www\codeigniter\system\Boot.php(67): CodeIgniter\Boot::runCodeIgniter(Object(CodeIgniter\CodeIgniter))
#12 D:\laragon\www\codeigniter\public\index.php(56): CodeIgniter\Boot::bootWeb(Object(Config\Paths))
#13 D:\laragon\www\codeigniter\system\rewrite.php(44): require_once('D:\\laragon\\www\\...')
#14 {main}

Next CodeIgniter\Database\Exceptions\DatabaseException: Unknown database 'bota' in D:\laragon\www\codeigniter\system\Database\MySQLi\Connection.php:231
Stack trace:
#0 D:\laragon\www\codeigniter\system\Database\BaseConnection.php(421): CodeIgniter\Database\MySQLi\Connection->connect(false)
#1 D:\laragon\www\codeigniter\system\Database\BaseConnection.php(616): CodeIgniter\Database\BaseConnection->initialize()
#2 D:\laragon\www\codeigniter\system\Database\BaseBuilder.php(1636): CodeIgniter\Database\BaseConnection->query('SELECT *\nFROM `...', Array, false)
#3 D:\laragon\www\codeigniter\system\Model.php(286): CodeIgniter\Database\BaseBuilder->get()
#4 D:\laragon\www\codeigniter\system\BaseModel.php(676): CodeIgniter\Model->doFindAll(0, 0)
#5 D:\laragon\www\codeigniter\app\Controllers\Home.php(11): CodeIgniter\BaseModel->findAll()
#6 D:\laragon\www\codeigniter\system\CodeIgniter.php(933): App\Controllers\Home->index()
#7 D:\laragon\www\codeigniter\system\CodeIgniter.php(509): CodeIgniter\CodeIgniter->runController(Object(App\Controllers\Home))
#8 D:\laragon\www\codeigniter\system\CodeIgniter.php(355): CodeIgniter\CodeIgniter->handleRequest(NULL, Object(Config\Cache), false)
#9 D:\laragon\www\codeigniter\system\Boot.php(325): CodeIgniter\CodeIgniter->run()
#10 D:\laragon\www\codeigniter\system\Boot.php(67): CodeIgniter\Boot::runCodeIgniter(Object(CodeIgniter\CodeIgniter))
#11 D:\laragon\www\codeigniter\public\index.php(56): CodeIgniter\Boot::bootWeb(Object(Config\Paths))
#12 D:\laragon\www\codeigniter\system\rewrite.php(44): require_once('D:\\laragon\\www\\...')
#13 {main}
CRITICAL - 2024-08-30 14:57:44 --> CodeIgniter\Database\Exceptions\DatabaseException: Unable to connect to the database.
Main connection [MySQLi]: Unknown database 'bota'
[Method: GET, Route: /]
in SYSTEMPATH\Database\BaseConnection.php on line 467.
 1 SYSTEMPATH\Database\BaseConnection.php(616): CodeIgniter\Database\BaseConnection->initialize()
 2 SYSTEMPATH\Database\BaseBuilder.php(1636): CodeIgniter\Database\BaseConnection->query('SELECT *
FROM `manja`', [], false)
 3 SYSTEMPATH\Model.php(286): CodeIgniter\Database\BaseBuilder->get()
 4 SYSTEMPATH\BaseModel.php(676): CodeIgniter\Model->doFindAll(0, 0)
 5 APPPATH\Controllers\Home.php(11): CodeIgniter\BaseModel->findAll()
 6 SYSTEMPATH\CodeIgniter.php(933): App\Controllers\Home->index()
 7 SYSTEMPATH\CodeIgniter.php(509): CodeIgniter\CodeIgniter->runController(Object(App\Controllers\Home))
 8 SYSTEMPATH\CodeIgniter.php(355): CodeIgniter\CodeIgniter->handleRequest(null, Object(Config\Cache), false)
 9 SYSTEMPATH\Boot.php(325): CodeIgniter\CodeIgniter->run()
10 SYSTEMPATH\Boot.php(67): CodeIgniter\Boot::runCodeIgniter(Object(CodeIgniter\CodeIgniter))
11 FCPATH\index.php(56): CodeIgniter\Boot::bootWeb(Object(Config\Paths))
12 SYSTEMPATH\rewrite.php(44): require_once('D:\\laragon\\www\\codeigniter\\public\\index.php')
ERROR - 2024-08-30 14:57:50 --> Error connecting to the database: mysqli_sql_exception: Unknown database 'bota' in D:\laragon\www\codeigniter\system\Database\MySQLi\Connection.php:187
Stack trace:
#0 D:\laragon\www\codeigniter\system\Database\MySQLi\Connection.php(187): mysqli->real_connect('localhost', 'root', '', 'bota', 3306, '', 0)
#1 D:\laragon\www\codeigniter\system\Database\BaseConnection.php(421): CodeIgniter\Database\MySQLi\Connection->connect(false)
#2 D:\laragon\www\codeigniter\system\Database\BaseConnection.php(616): CodeIgniter\Database\BaseConnection->initialize()
#3 D:\laragon\www\codeigniter\system\Database\BaseBuilder.php(1636): CodeIgniter\Database\BaseConnection->query('SELECT *\nFROM `...', Array, false)
#4 D:\laragon\www\codeigniter\system\Model.php(286): CodeIgniter\Database\BaseBuilder->get()
#5 D:\laragon\www\codeigniter\system\BaseModel.php(676): CodeIgniter\Model->doFindAll(0, 0)
#6 D:\laragon\www\codeigniter\app\Controllers\Home.php(11): CodeIgniter\BaseModel->findAll()
#7 D:\laragon\www\codeigniter\system\CodeIgniter.php(933): App\Controllers\Home->index()
#8 D:\laragon\www\codeigniter\system\CodeIgniter.php(509): CodeIgniter\CodeIgniter->runController(Object(App\Controllers\Home))
#9 D:\laragon\www\codeigniter\system\CodeIgniter.php(355): CodeIgniter\CodeIgniter->handleRequest(NULL, Object(Config\Cache), false)
#10 D:\laragon\www\codeigniter\system\Boot.php(325): CodeIgniter\CodeIgniter->run()
#11 D:\laragon\www\codeigniter\system\Boot.php(67): CodeIgniter\Boot::runCodeIgniter(Object(CodeIgniter\CodeIgniter))
#12 D:\laragon\www\codeigniter\public\index.php(56): CodeIgniter\Boot::bootWeb(Object(Config\Paths))
#13 D:\laragon\www\codeigniter\system\rewrite.php(44): require_once('D:\\laragon\\www\\...')
#14 {main}

Next CodeIgniter\Database\Exceptions\DatabaseException: Unknown database 'bota' in D:\laragon\www\codeigniter\system\Database\MySQLi\Connection.php:231
Stack trace:
#0 D:\laragon\www\codeigniter\system\Database\BaseConnection.php(421): CodeIgniter\Database\MySQLi\Connection->connect(false)
#1 D:\laragon\www\codeigniter\system\Database\BaseConnection.php(616): CodeIgniter\Database\BaseConnection->initialize()
#2 D:\laragon\www\codeigniter\system\Database\BaseBuilder.php(1636): CodeIgniter\Database\BaseConnection->query('SELECT *\nFROM `...', Array, false)
#3 D:\laragon\www\codeigniter\system\Model.php(286): CodeIgniter\Database\BaseBuilder->get()
#4 D:\laragon\www\codeigniter\system\BaseModel.php(676): CodeIgniter\Model->doFindAll(0, 0)
#5 D:\laragon\www\codeigniter\app\Controllers\Home.php(11): CodeIgniter\BaseModel->findAll()
#6 D:\laragon\www\codeigniter\system\CodeIgniter.php(933): App\Controllers\Home->index()
#7 D:\laragon\www\codeigniter\system\CodeIgniter.php(509): CodeIgniter\CodeIgniter->runController(Object(App\Controllers\Home))
#8 D:\laragon\www\codeigniter\system\CodeIgniter.php(355): CodeIgniter\CodeIgniter->handleRequest(NULL, Object(Config\Cache), false)
#9 D:\laragon\www\codeigniter\system\Boot.php(325): CodeIgniter\CodeIgniter->run()
#10 D:\laragon\www\codeigniter\system\Boot.php(67): CodeIgniter\Boot::runCodeIgniter(Object(CodeIgniter\CodeIgniter))
#11 D:\laragon\www\codeigniter\public\index.php(56): CodeIgniter\Boot::bootWeb(Object(Config\Paths))
#12 D:\laragon\www\codeigniter\system\rewrite.php(44): require_once('D:\\laragon\\www\\...')
#13 {main}
CRITICAL - 2024-08-30 14:57:50 --> CodeIgniter\Database\Exceptions\DatabaseException: Unable to connect to the database.
Main connection [MySQLi]: Unknown database 'bota'
[Method: GET, Route: /]
in SYSTEMPATH\Database\BaseConnection.php on line 467.
 1 SYSTEMPATH\Database\BaseConnection.php(616): CodeIgniter\Database\BaseConnection->initialize()
 2 SYSTEMPATH\Database\BaseBuilder.php(1636): CodeIgniter\Database\BaseConnection->query('SELECT *
FROM `manja`', [], false)
 3 SYSTEMPATH\Model.php(286): CodeIgniter\Database\BaseBuilder->get()
 4 SYSTEMPATH\BaseModel.php(676): CodeIgniter\Model->doFindAll(0, 0)
 5 APPPATH\Controllers\Home.php(11): CodeIgniter\BaseModel->findAll()
 6 SYSTEMPATH\CodeIgniter.php(933): App\Controllers\Home->index()
 7 SYSTEMPATH\CodeIgniter.php(509): CodeIgniter\CodeIgniter->runController(Object(App\Controllers\Home))
 8 SYSTEMPATH\CodeIgniter.php(355): CodeIgniter\CodeIgniter->handleRequest(null, Object(Config\Cache), false)
 9 SYSTEMPATH\Boot.php(325): CodeIgniter\CodeIgniter->run()
10 SYSTEMPATH\Boot.php(67): CodeIgniter\Boot::runCodeIgniter(Object(CodeIgniter\CodeIgniter))
11 FCPATH\index.php(56): CodeIgniter\Boot::bootWeb(Object(Config\Paths))
12 SYSTEMPATH\rewrite.php(44): require_once('D:\\laragon\\www\\codeigniter\\public\\index.php')
