CRITICAL - 2024-08-31 09:55:59 --> CodeIgniter\View\Exceptions\ViewException: Invalid file: "ajout.php"
[Method: GET, Route: ajout]
in SYSTEMPATH\Exceptions\FrameworkException.php on line 41.
 1 SYSTEMPATH\View\View.php(222): CodeIgniter\Exceptions\FrameworkException::forInvalidFile('ajout.php')
 2 SYSTEMPATH\Common.php(1171): CodeIgniter\View\View->render('ajout', [], true)
 3 APPPATH\Controllers\Home.php(15): view('ajout')
 4 SYSTEMPATH\CodeIgniter.php(933): App\Controllers\Home->ajout()
 5 SYSTEMPATH\CodeIgniter.php(509): CodeIgniter\CodeIgniter->runController(Object(App\Controllers\Home))
 6 SYSTEMPATH\CodeIgniter.php(355): CodeIgniter\CodeIgniter->handleRequest(null, Object(Config\Cache), false)
 7 SYSTEMPATH\Boot.php(325): CodeIgniter\CodeIgniter->run()
 8 SYSTEMPATH\Boot.php(67): CodeIgniter\Boot::runCodeIgniter(Object(CodeIgniter\CodeIgniter))
 9 FCPATH\index.php(56): CodeIgniter\Boot::bootWeb(Object(Config\Paths))
10 SYSTEMPATH\rewrite.php(44): require_once('D:\\laragon\\www\\IGGLIA_3A_N°11_AndyFranck\\public\\index.php')
CRITICAL - 2024-08-31 11:46:51 --> CodeIgniter\View\Exceptions\ViewException: Invalid file: "ajout.php"
[Method: GET, Route: ajout]
in SYSTEMPATH\Exceptions\FrameworkException.php on line 41.
 1 SYSTEMPATH\View\View.php(222): CodeIgniter\Exceptions\FrameworkException::forInvalidFile('ajout.php')
 2 SYSTEMPATH\Common.php(1171): CodeIgniter\View\View->render('ajout', [], true)
 3 APPPATH\Controllers\Home.php(15): view('ajout')
 4 SYSTEMPATH\CodeIgniter.php(933): App\Controllers\Home->ajout()
 5 SYSTEMPATH\CodeIgniter.php(509): CodeIgniter\CodeIgniter->runController(Object(App\Controllers\Home))
 6 SYSTEMPATH\CodeIgniter.php(355): CodeIgniter\CodeIgniter->handleRequest(null, Object(Config\Cache), false)
 7 SYSTEMPATH\Boot.php(325): CodeIgniter\CodeIgniter->run()
 8 SYSTEMPATH\Boot.php(67): CodeIgniter\Boot::runCodeIgniter(Object(CodeIgniter\CodeIgniter))
 9 FCPATH\index.php(56): CodeIgniter\Boot::bootWeb(Object(Config\Paths))
10 SYSTEMPATH\rewrite.php(44): require_once('D:\\laragon\\www\\IGGLIA_3A_N°11_AndyFranck\\public\\index.php')
CRITICAL - 2024-08-31 11:53:08 --> ErrorException: Undefined variable $use
[Method: GET, Route: /]
in APPPATH\Views\liste.php on line 25.
 1 APPPATH\Views\liste.php(25): CodeIgniter\Debug\Exceptions->errorHandler(2, 'Undefined variable $use', 'D:\\laragon\\www\\IGGLIA_3A_N°11_AndyFranck\\app\\Views\\liste.php', 25)
 2 SYSTEMPATH\View\View.php(234): include('D:\\laragon\\www\\IGGLIA_3A_N°11_AndyFranck\\app\\Views\\liste.php')
 3 SYSTEMPATH\View\View.php(237): CodeIgniter\View\View->CodeIgniter\View\{closure}()
 4 SYSTEMPATH\Common.php(1171): CodeIgniter\View\View->render('liste', [], true)
 5 APPPATH\Controllers\Home.php(12): view('liste', [...])
 6 SYSTEMPATH\CodeIgniter.php(933): App\Controllers\Home->index()
 7 SYSTEMPATH\CodeIgniter.php(509): CodeIgniter\CodeIgniter->runController(Object(App\Controllers\Home))
 8 SYSTEMPATH\CodeIgniter.php(355): CodeIgniter\CodeIgniter->handleRequest(null, Object(Config\Cache), false)
 9 SYSTEMPATH\Boot.php(325): CodeIgniter\CodeIgniter->run()
10 SYSTEMPATH\Boot.php(67): CodeIgniter\Boot::runCodeIgniter(Object(CodeIgniter\CodeIgniter))
11 FCPATH\index.php(56): CodeIgniter\Boot::bootWeb(Object(Config\Paths))
12 SYSTEMPATH\rewrite.php(44): require_once('D:\\laragon\\www\\IGGLIA_3A_N°11_AndyFranck\\public\\index.php')
CRITICAL - 2024-08-31 11:53:14 --> ErrorException: Undefined variable $user
[Method: GET, Route: /]
in APPPATH\Views\liste.php on line 25.
 1 APPPATH\Views\liste.php(25): CodeIgniter\Debug\Exceptions->errorHandler(2, 'Undefined variable $user', 'D:\\laragon\\www\\IGGLIA_3A_N°11_AndyFranck\\app\\Views\\liste.php', 25)
 2 SYSTEMPATH\View\View.php(234): include('D:\\laragon\\www\\IGGLIA_3A_N°11_AndyFranck\\app\\Views\\liste.php')
 3 SYSTEMPATH\View\View.php(237): CodeIgniter\View\View->CodeIgniter\View\{closure}()
 4 SYSTEMPATH\Common.php(1171): CodeIgniter\View\View->render('liste', [], true)
 5 APPPATH\Controllers\Home.php(12): view('liste', [...])
 6 SYSTEMPATH\CodeIgniter.php(933): App\Controllers\Home->index()
 7 SYSTEMPATH\CodeIgniter.php(509): CodeIgniter\CodeIgniter->runController(Object(App\Controllers\Home))
 8 SYSTEMPATH\CodeIgniter.php(355): CodeIgniter\CodeIgniter->handleRequest(null, Object(Config\Cache), false)
 9 SYSTEMPATH\Boot.php(325): CodeIgniter\CodeIgniter->run()
10 SYSTEMPATH\Boot.php(67): CodeIgniter\Boot::runCodeIgniter(Object(CodeIgniter\CodeIgniter))
11 FCPATH\index.php(56): CodeIgniter\Boot::bootWeb(Object(Config\Paths))
12 SYSTEMPATH\rewrite.php(44): require_once('D:\\laragon\\www\\IGGLIA_3A_N°11_AndyFranck\\public\\index.php')
CRITICAL - 2024-08-31 12:16:43 --> ParseError: syntax error, unexpected token "if", expecting "("
[Method: POST, Route: signIn]
in APPPATH\Controllers\Home.php on line 25.
 1 SYSTEMPATH\Autoloader\Autoloader.php(296): CodeIgniter\Autoloader\Autoloader->includeFile('D:\\laragon\\www\\IGGLIA_3A_N°11_AndyFranck\\app\\Controllers\\Home.php')
 2 SYSTEMPATH\Autoloader\Autoloader.php(272): CodeIgniter\Autoloader\Autoloader->loadInNamespace('App\\Controllers\\Home')
 3 [internal function]: CodeIgniter\Autoloader\Autoloader->loadClass('App\\Controllers\\Home')
 4 SYSTEMPATH\CodeIgniter.php(887): class_exists('\\App\\Controllers\\Home', true)
 5 SYSTEMPATH\CodeIgniter.php(496): CodeIgniter\CodeIgniter->startController()
 6 SYSTEMPATH\CodeIgniter.php(355): CodeIgniter\CodeIgniter->handleRequest(null, Object(Config\Cache), false)
 7 SYSTEMPATH\Boot.php(325): CodeIgniter\CodeIgniter->run()
 8 SYSTEMPATH\Boot.php(67): CodeIgniter\Boot::runCodeIgniter(Object(CodeIgniter\CodeIgniter))
 9 FCPATH\index.php(56): CodeIgniter\Boot::bootWeb(Object(Config\Paths))
10 SYSTEMPATH\rewrite.php(44): require_once('D:\\laragon\\www\\IGGLIA_3A_N°11_AndyFranck\\public\\index.php')
CRITICAL - 2024-08-31 12:16:46 --> ParseError: syntax error, unexpected token "if", expecting "("
[Method: GET, Route: signIn]
in APPPATH\Controllers\Home.php on line 25.
 1 SYSTEMPATH\Autoloader\Autoloader.php(296): CodeIgniter\Autoloader\Autoloader->includeFile('D:\\laragon\\www\\IGGLIA_3A_N°11_AndyFranck\\app\\Controllers\\Home.php')
 2 SYSTEMPATH\Autoloader\Autoloader.php(272): CodeIgniter\Autoloader\Autoloader->loadInNamespace('App\\Controllers\\Home')
 3 [internal function]: CodeIgniter\Autoloader\Autoloader->loadClass('App\\Controllers\\Home')
 4 SYSTEMPATH\CodeIgniter.php(887): class_exists('\\App\\Controllers\\Home', true)
 5 SYSTEMPATH\CodeIgniter.php(496): CodeIgniter\CodeIgniter->startController()
 6 SYSTEMPATH\CodeIgniter.php(355): CodeIgniter\CodeIgniter->handleRequest(null, Object(Config\Cache), false)
 7 SYSTEMPATH\Boot.php(325): CodeIgniter\CodeIgniter->run()
 8 SYSTEMPATH\Boot.php(67): CodeIgniter\Boot::runCodeIgniter(Object(CodeIgniter\CodeIgniter))
 9 FCPATH\index.php(56): CodeIgniter\Boot::bootWeb(Object(Config\Paths))
10 SYSTEMPATH\rewrite.php(44): require_once('D:\\laragon\\www\\IGGLIA_3A_N°11_AndyFranck\\public\\index.php')
CRITICAL - 2024-08-31 12:16:48 --> ParseError: syntax error, unexpected token "if", expecting "("
[Method: GET, Route: /]
in APPPATH\Controllers\Home.php on line 25.
 1 SYSTEMPATH\Autoloader\Autoloader.php(296): CodeIgniter\Autoloader\Autoloader->includeFile('D:\\laragon\\www\\IGGLIA_3A_N°11_AndyFranck\\app\\Controllers\\Home.php')
 2 SYSTEMPATH\Autoloader\Autoloader.php(272): CodeIgniter\Autoloader\Autoloader->loadInNamespace('App\\Controllers\\Home')
 3 [internal function]: CodeIgniter\Autoloader\Autoloader->loadClass('App\\Controllers\\Home')
 4 SYSTEMPATH\CodeIgniter.php(887): class_exists('\\App\\Controllers\\Home', true)
 5 SYSTEMPATH\CodeIgniter.php(496): CodeIgniter\CodeIgniter->startController()
 6 SYSTEMPATH\CodeIgniter.php(355): CodeIgniter\CodeIgniter->handleRequest(null, Object(Config\Cache), false)
 7 SYSTEMPATH\Boot.php(325): CodeIgniter\CodeIgniter->run()
 8 SYSTEMPATH\Boot.php(67): CodeIgniter\Boot::runCodeIgniter(Object(CodeIgniter\CodeIgniter))
 9 FCPATH\index.php(56): CodeIgniter\Boot::bootWeb(Object(Config\Paths))
10 SYSTEMPATH\rewrite.php(44): require_once('D:\\laragon\\www\\IGGLIA_3A_N°11_AndyFranck\\public\\index.php')
CRITICAL - 2024-08-31 12:16:49 --> ParseError: syntax error, unexpected token "if", expecting "("
[Method: GET, Route: /]
in APPPATH\Controllers\Home.php on line 25.
 1 SYSTEMPATH\Autoloader\Autoloader.php(296): CodeIgniter\Autoloader\Autoloader->includeFile('D:\\laragon\\www\\IGGLIA_3A_N°11_AndyFranck\\app\\Controllers\\Home.php')
 2 SYSTEMPATH\Autoloader\Autoloader.php(272): CodeIgniter\Autoloader\Autoloader->loadInNamespace('App\\Controllers\\Home')
 3 [internal function]: CodeIgniter\Autoloader\Autoloader->loadClass('App\\Controllers\\Home')
 4 SYSTEMPATH\CodeIgniter.php(887): class_exists('\\App\\Controllers\\Home', true)
 5 SYSTEMPATH\CodeIgniter.php(496): CodeIgniter\CodeIgniter->startController()
 6 SYSTEMPATH\CodeIgniter.php(355): CodeIgniter\CodeIgniter->handleRequest(null, Object(Config\Cache), false)
 7 SYSTEMPATH\Boot.php(325): CodeIgniter\CodeIgniter->run()
 8 SYSTEMPATH\Boot.php(67): CodeIgniter\Boot::runCodeIgniter(Object(CodeIgniter\CodeIgniter))
 9 FCPATH\index.php(56): CodeIgniter\Boot::bootWeb(Object(Config\Paths))
10 SYSTEMPATH\rewrite.php(44): require_once('D:\\laragon\\www\\IGGLIA_3A_N°11_AndyFranck\\public\\index.php')
CRITICAL - 2024-08-31 12:21:33 --> CodeIgniter\View\Exceptions\ViewException: Invalid file: ".php"
[Method: POST, Route: signIn]
in SYSTEMPATH\Exceptions\FrameworkException.php on line 41.
 1 SYSTEMPATH\View\View.php(222): CodeIgniter\Exceptions\FrameworkException::forInvalidFile('.php')
 2 SYSTEMPATH\Common.php(1171): CodeIgniter\View\View->render('', [], true)
 3 APPPATH\Controllers\Home.php(34): view('', [...])
 4 SYSTEMPATH\CodeIgniter.php(933): App\Controllers\Home->signIn()
 5 SYSTEMPATH\CodeIgniter.php(509): CodeIgniter\CodeIgniter->runController(Object(App\Controllers\Home))
 6 SYSTEMPATH\CodeIgniter.php(355): CodeIgniter\CodeIgniter->handleRequest(null, Object(Config\Cache), false)
 7 SYSTEMPATH\Boot.php(325): CodeIgniter\CodeIgniter->run()
 8 SYSTEMPATH\Boot.php(67): CodeIgniter\Boot::runCodeIgniter(Object(CodeIgniter\CodeIgniter))
 9 FCPATH\index.php(56): CodeIgniter\Boot::bootWeb(Object(Config\Paths))
10 SYSTEMPATH\rewrite.php(44): require_once('D:\\laragon\\www\\IGGLIA_3A_N°11_AndyFranck\\public\\index.php')
CRITICAL - 2024-08-31 12:23:11 --> ErrorException: Undefined variable $message
[Method: GET, Route: signIn]
in APPPATH\Views\signIn.php on line 29.
 1 APPPATH\Views\signIn.php(29): CodeIgniter\Debug\Exceptions->errorHandler(2, 'Undefined variable $message', 'D:\\laragon\\www\\IGGLIA_3A_N°11_AndyFranck\\app\\Views\\signIn.php', 29)
 2 SYSTEMPATH\View\View.php(234): include('D:\\laragon\\www\\IGGLIA_3A_N°11_AndyFranck\\app\\Views\\signIn.php')
 3 SYSTEMPATH\View\View.php(237): CodeIgniter\View\View->CodeIgniter\View\{closure}()
 4 SYSTEMPATH\Common.php(1171): CodeIgniter\View\View->render('signIn', [], true)
 5 APPPATH\Controllers\Home.php(15): view('signIn')
 6 SYSTEMPATH\CodeIgniter.php(933): App\Controllers\Home->inscrire()
 7 SYSTEMPATH\CodeIgniter.php(509): CodeIgniter\CodeIgniter->runController(Object(App\Controllers\Home))
 8 SYSTEMPATH\CodeIgniter.php(355): CodeIgniter\CodeIgniter->handleRequest(null, Object(Config\Cache), false)
 9 SYSTEMPATH\Boot.php(325): CodeIgniter\CodeIgniter->run()
10 SYSTEMPATH\Boot.php(67): CodeIgniter\Boot::runCodeIgniter(Object(CodeIgniter\CodeIgniter))
11 FCPATH\index.php(56): CodeIgniter\Boot::bootWeb(Object(Config\Paths))
12 SYSTEMPATH\rewrite.php(44): require_once('D:\\laragon\\www\\IGGLIA_3A_N°11_AndyFranck\\public\\index.php')
CRITICAL - 2024-08-31 12:25:32 --> ErrorException: Undefined variable $message
[Method: GET, Route: signIn]
in APPPATH\Views\signIn.php on line 29.
 1 APPPATH\Views\signIn.php(29): CodeIgniter\Debug\Exceptions->errorHandler(2, 'Undefined variable $message', 'D:\\laragon\\www\\IGGLIA_3A_N°11_AndyFranck\\app\\Views\\signIn.php', 29)
 2 SYSTEMPATH\View\View.php(234): include('D:\\laragon\\www\\IGGLIA_3A_N°11_AndyFranck\\app\\Views\\signIn.php')
 3 SYSTEMPATH\View\View.php(237): CodeIgniter\View\View->CodeIgniter\View\{closure}()
 4 SYSTEMPATH\Common.php(1171): CodeIgniter\View\View->render('signIn', [], true)
 5 APPPATH\Controllers\Home.php(15): view('signIn')
 6 SYSTEMPATH\CodeIgniter.php(933): App\Controllers\Home->inscrire()
 7 SYSTEMPATH\CodeIgniter.php(509): CodeIgniter\CodeIgniter->runController(Object(App\Controllers\Home))
 8 SYSTEMPATH\CodeIgniter.php(355): CodeIgniter\CodeIgniter->handleRequest(null, Object(Config\Cache), false)
 9 SYSTEMPATH\Boot.php(325): CodeIgniter\CodeIgniter->run()
10 SYSTEMPATH\Boot.php(67): CodeIgniter\Boot::runCodeIgniter(Object(CodeIgniter\CodeIgniter))
11 FCPATH\index.php(56): CodeIgniter\Boot::bootWeb(Object(Config\Paths))
12 SYSTEMPATH\rewrite.php(44): require_once('D:\\laragon\\www\\IGGLIA_3A_N°11_AndyFranck\\public\\index.php')
CRITICAL - 2024-08-31 12:25:37 --> ErrorException: Undefined variable $message
[Method: GET, Route: signIn]
in APPPATH\Views\signIn.php on line 29.
 1 APPPATH\Views\signIn.php(29): CodeIgniter\Debug\Exceptions->errorHandler(2, 'Undefined variable $message', 'D:\\laragon\\www\\IGGLIA_3A_N°11_AndyFranck\\app\\Views\\signIn.php', 29)
 2 SYSTEMPATH\View\View.php(234): include('D:\\laragon\\www\\IGGLIA_3A_N°11_AndyFranck\\app\\Views\\signIn.php')
 3 SYSTEMPATH\View\View.php(237): CodeIgniter\View\View->CodeIgniter\View\{closure}()
 4 SYSTEMPATH\Common.php(1171): CodeIgniter\View\View->render('signIn', [], true)
 5 APPPATH\Controllers\Home.php(15): view('signIn')
 6 SYSTEMPATH\CodeIgniter.php(933): App\Controllers\Home->inscrire()
 7 SYSTEMPATH\CodeIgniter.php(509): CodeIgniter\CodeIgniter->runController(Object(App\Controllers\Home))
 8 SYSTEMPATH\CodeIgniter.php(355): CodeIgniter\CodeIgniter->handleRequest(null, Object(Config\Cache), false)
 9 SYSTEMPATH\Boot.php(325): CodeIgniter\CodeIgniter->run()
10 SYSTEMPATH\Boot.php(67): CodeIgniter\Boot::runCodeIgniter(Object(CodeIgniter\CodeIgniter))
11 FCPATH\index.php(56): CodeIgniter\Boot::bootWeb(Object(Config\Paths))
12 SYSTEMPATH\rewrite.php(44): require_once('D:\\laragon\\www\\IGGLIA_3A_N°11_AndyFranck\\public\\index.php')
CRITICAL - 2024-08-31 12:25:42 --> ErrorException: Undefined variable $message
[Method: GET, Route: signIn]
in APPPATH\Views\signIn.php on line 29.
 1 APPPATH\Views\signIn.php(29): CodeIgniter\Debug\Exceptions->errorHandler(2, 'Undefined variable $message', 'D:\\laragon\\www\\IGGLIA_3A_N°11_AndyFranck\\app\\Views\\signIn.php', 29)
 2 SYSTEMPATH\View\View.php(234): include('D:\\laragon\\www\\IGGLIA_3A_N°11_AndyFranck\\app\\Views\\signIn.php')
 3 SYSTEMPATH\View\View.php(237): CodeIgniter\View\View->CodeIgniter\View\{closure}()
 4 SYSTEMPATH\Common.php(1171): CodeIgniter\View\View->render('signIn', [], true)
 5 APPPATH\Controllers\Home.php(15): view('signIn')
 6 SYSTEMPATH\CodeIgniter.php(933): App\Controllers\Home->inscrire()
 7 SYSTEMPATH\CodeIgniter.php(509): CodeIgniter\CodeIgniter->runController(Object(App\Controllers\Home))
 8 SYSTEMPATH\CodeIgniter.php(355): CodeIgniter\CodeIgniter->handleRequest(null, Object(Config\Cache), false)
 9 SYSTEMPATH\Boot.php(325): CodeIgniter\CodeIgniter->run()
10 SYSTEMPATH\Boot.php(67): CodeIgniter\Boot::runCodeIgniter(Object(CodeIgniter\CodeIgniter))
11 FCPATH\index.php(56): CodeIgniter\Boot::bootWeb(Object(Config\Paths))
12 SYSTEMPATH\rewrite.php(44): require_once('D:\\laragon\\www\\IGGLIA_3A_N°11_AndyFranck\\public\\index.php')
CRITICAL - 2024-08-31 12:26:41 --> ErrorException: Undefined variable $message
[Method: GET, Route: signIn]
in APPPATH\Views\signIn.php on line 29.
 1 APPPATH\Views\signIn.php(29): CodeIgniter\Debug\Exceptions->errorHandler(2, 'Undefined variable $message', 'D:\\laragon\\www\\IGGLIA_3A_N°11_AndyFranck\\app\\Views\\signIn.php', 29)
 2 SYSTEMPATH\View\View.php(234): include('D:\\laragon\\www\\IGGLIA_3A_N°11_AndyFranck\\app\\Views\\signIn.php')
 3 SYSTEMPATH\View\View.php(237): CodeIgniter\View\View->CodeIgniter\View\{closure}()
 4 SYSTEMPATH\Common.php(1171): CodeIgniter\View\View->render('signIn', [], true)
 5 APPPATH\Controllers\Home.php(15): view('signIn')
 6 SYSTEMPATH\CodeIgniter.php(933): App\Controllers\Home->inscrire()
 7 SYSTEMPATH\CodeIgniter.php(509): CodeIgniter\CodeIgniter->runController(Object(App\Controllers\Home))
 8 SYSTEMPATH\CodeIgniter.php(355): CodeIgniter\CodeIgniter->handleRequest(null, Object(Config\Cache), false)
 9 SYSTEMPATH\Boot.php(325): CodeIgniter\CodeIgniter->run()
10 SYSTEMPATH\Boot.php(67): CodeIgniter\Boot::runCodeIgniter(Object(CodeIgniter\CodeIgniter))
11 FCPATH\index.php(56): CodeIgniter\Boot::bootWeb(Object(Config\Paths))
12 SYSTEMPATH\rewrite.php(44): require_once('D:\\laragon\\www\\IGGLIA_3A_N°11_AndyFranck\\public\\index.php')
CRITICAL - 2024-08-31 12:26:47 --> ErrorException: Undefined variable $message
[Method: GET, Route: signIn]
in APPPATH\Views\signIn.php on line 29.
 1 APPPATH\Views\signIn.php(29): CodeIgniter\Debug\Exceptions->errorHandler(2, 'Undefined variable $message', 'D:\\laragon\\www\\IGGLIA_3A_N°11_AndyFranck\\app\\Views\\signIn.php', 29)
 2 SYSTEMPATH\View\View.php(234): include('D:\\laragon\\www\\IGGLIA_3A_N°11_AndyFranck\\app\\Views\\signIn.php')
 3 SYSTEMPATH\View\View.php(237): CodeIgniter\View\View->CodeIgniter\View\{closure}()
 4 SYSTEMPATH\Common.php(1171): CodeIgniter\View\View->render('signIn', [], true)
 5 APPPATH\Controllers\Home.php(15): view('signIn')
 6 SYSTEMPATH\CodeIgniter.php(933): App\Controllers\Home->inscrire()
 7 SYSTEMPATH\CodeIgniter.php(509): CodeIgniter\CodeIgniter->runController(Object(App\Controllers\Home))
 8 SYSTEMPATH\CodeIgniter.php(355): CodeIgniter\CodeIgniter->handleRequest(null, Object(Config\Cache), false)
 9 SYSTEMPATH\Boot.php(325): CodeIgniter\CodeIgniter->run()
10 SYSTEMPATH\Boot.php(67): CodeIgniter\Boot::runCodeIgniter(Object(CodeIgniter\CodeIgniter))
11 FCPATH\index.php(56): CodeIgniter\Boot::bootWeb(Object(Config\Paths))
12 SYSTEMPATH\rewrite.php(44): require_once('D:\\laragon\\www\\IGGLIA_3A_N°11_AndyFranck\\public\\index.php')
CRITICAL - 2024-08-31 13:00:48 --> ErrorException: Array to string conversion
[Method: POST, Route: login]
in APPPATH\Controllers\Home.php on line 32.
 1 APPPATH\Controllers\Home.php(32): CodeIgniter\Debug\Exceptions->errorHandler(2, 'Array to string conversion', 'D:\\laragon\\www\\IGGLIA_3A_N°11_AndyFranck\\app\\Controllers\\Home.php', 32)
 2 SYSTEMPATH\CodeIgniter.php(933): App\Controllers\Home->login()
 3 SYSTEMPATH\CodeIgniter.php(509): CodeIgniter\CodeIgniter->runController(Object(App\Controllers\Home))
 4 SYSTEMPATH\CodeIgniter.php(355): CodeIgniter\CodeIgniter->handleRequest(null, Object(Config\Cache), false)
 5 SYSTEMPATH\Boot.php(325): CodeIgniter\CodeIgniter->run()
 6 SYSTEMPATH\Boot.php(67): CodeIgniter\Boot::runCodeIgniter(Object(CodeIgniter\CodeIgniter))
 7 FCPATH\index.php(56): CodeIgniter\Boot::bootWeb(Object(Config\Paths))
 8 SYSTEMPATH\rewrite.php(44): require_once('D:\\laragon\\www\\IGGLIA_3A_N°11_AndyFranck\\public\\index.php')
CRITICAL - 2024-08-31 13:02:45 --> ErrorException: Array to string conversion
[Method: POST, Route: login]
in APPPATH\Controllers\Home.php on line 32.
 1 APPPATH\Controllers\Home.php(32): CodeIgniter\Debug\Exceptions->errorHandler(2, 'Array to string conversion', 'D:\\laragon\\www\\IGGLIA_3A_N°11_AndyFranck\\app\\Controllers\\Home.php', 32)
 2 SYSTEMPATH\CodeIgniter.php(933): App\Controllers\Home->login()
 3 SYSTEMPATH\CodeIgniter.php(509): CodeIgniter\CodeIgniter->runController(Object(App\Controllers\Home))
 4 SYSTEMPATH\CodeIgniter.php(355): CodeIgniter\CodeIgniter->handleRequest(null, Object(Config\Cache), false)
 5 SYSTEMPATH\Boot.php(325): CodeIgniter\CodeIgniter->run()
 6 SYSTEMPATH\Boot.php(67): CodeIgniter\Boot::runCodeIgniter(Object(CodeIgniter\CodeIgniter))
 7 FCPATH\index.php(56): CodeIgniter\Boot::bootWeb(Object(Config\Paths))
 8 SYSTEMPATH\rewrite.php(44): require_once('D:\\laragon\\www\\IGGLIA_3A_N°11_AndyFranck\\public\\index.php')
CRITICAL - 2024-08-31 13:03:09 --> ErrorException: Array to string conversion
[Method: POST, Route: login]
in APPPATH\Controllers\Home.php on line 32.
 1 APPPATH\Controllers\Home.php(32): CodeIgniter\Debug\Exceptions->errorHandler(2, 'Array to string conversion', 'D:\\laragon\\www\\IGGLIA_3A_N°11_AndyFranck\\app\\Controllers\\Home.php', 32)
 2 SYSTEMPATH\CodeIgniter.php(933): App\Controllers\Home->login()
 3 SYSTEMPATH\CodeIgniter.php(509): CodeIgniter\CodeIgniter->runController(Object(App\Controllers\Home))
 4 SYSTEMPATH\CodeIgniter.php(355): CodeIgniter\CodeIgniter->handleRequest(null, Object(Config\Cache), false)
 5 SYSTEMPATH\Boot.php(325): CodeIgniter\CodeIgniter->run()
 6 SYSTEMPATH\Boot.php(67): CodeIgniter\Boot::runCodeIgniter(Object(CodeIgniter\CodeIgniter))
 7 FCPATH\index.php(56): CodeIgniter\Boot::bootWeb(Object(Config\Paths))
 8 SYSTEMPATH\rewrite.php(44): require_once('D:\\laragon\\www\\IGGLIA_3A_N°11_AndyFranck\\public\\index.php')
CRITICAL - 2024-08-31 13:04:01 --> ErrorException: Attempt to read property "id" on array
[Method: POST, Route: login]
in APPPATH\Controllers\Home.php on line 32.
 1 APPPATH\Controllers\Home.php(32): CodeIgniter\Debug\Exceptions->errorHandler(2, 'Attempt to read property "id" on array', 'D:\\laragon\\www\\IGGLIA_3A_N°11_AndyFranck\\app\\Controllers\\Home.php', 32)
 2 SYSTEMPATH\CodeIgniter.php(933): App\Controllers\Home->login()
 3 SYSTEMPATH\CodeIgniter.php(509): CodeIgniter\CodeIgniter->runController(Object(App\Controllers\Home))
 4 SYSTEMPATH\CodeIgniter.php(355): CodeIgniter\CodeIgniter->handleRequest(null, Object(Config\Cache), false)
 5 SYSTEMPATH\Boot.php(325): CodeIgniter\CodeIgniter->run()
 6 SYSTEMPATH\Boot.php(67): CodeIgniter\Boot::runCodeIgniter(Object(CodeIgniter\CodeIgniter))
 7 FCPATH\index.php(56): CodeIgniter\Boot::bootWeb(Object(Config\Paths))
 8 SYSTEMPATH\rewrite.php(44): require_once('D:\\laragon\\www\\IGGLIA_3A_N°11_AndyFranck\\public\\index.php')
CRITICAL - 2024-08-31 13:04:14 --> ErrorException: Undefined array key "id"
[Method: POST, Route: login]
in APPPATH\Controllers\Home.php on line 32.
 1 APPPATH\Controllers\Home.php(32): CodeIgniter\Debug\Exceptions->errorHandler(2, 'Undefined array key "id"', 'D:\\laragon\\www\\IGGLIA_3A_N°11_AndyFranck\\app\\Controllers\\Home.php', 32)
 2 SYSTEMPATH\CodeIgniter.php(933): App\Controllers\Home->login()
 3 SYSTEMPATH\CodeIgniter.php(509): CodeIgniter\CodeIgniter->runController(Object(App\Controllers\Home))
 4 SYSTEMPATH\CodeIgniter.php(355): CodeIgniter\CodeIgniter->handleRequest(null, Object(Config\Cache), false)
 5 SYSTEMPATH\Boot.php(325): CodeIgniter\CodeIgniter->run()
 6 SYSTEMPATH\Boot.php(67): CodeIgniter\Boot::runCodeIgniter(Object(CodeIgniter\CodeIgniter))
 7 FCPATH\index.php(56): CodeIgniter\Boot::bootWeb(Object(Config\Paths))
 8 SYSTEMPATH\rewrite.php(44): require_once('D:\\laragon\\www\\IGGLIA_3A_N°11_AndyFranck\\public\\index.php')
CRITICAL - 2024-08-31 13:04:52 --> ErrorException: Undefined array key "id"
[Method: POST, Route: login]
in APPPATH\Controllers\Home.php on line 32.
 1 APPPATH\Controllers\Home.php(32): CodeIgniter\Debug\Exceptions->errorHandler(2, 'Undefined array key "id"', 'D:\\laragon\\www\\IGGLIA_3A_N°11_AndyFranck\\app\\Controllers\\Home.php', 32)
 2 SYSTEMPATH\CodeIgniter.php(933): App\Controllers\Home->login()
 3 SYSTEMPATH\CodeIgniter.php(509): CodeIgniter\CodeIgniter->runController(Object(App\Controllers\Home))
 4 SYSTEMPATH\CodeIgniter.php(355): CodeIgniter\CodeIgniter->handleRequest(null, Object(Config\Cache), false)
 5 SYSTEMPATH\Boot.php(325): CodeIgniter\CodeIgniter->run()
 6 SYSTEMPATH\Boot.php(67): CodeIgniter\Boot::runCodeIgniter(Object(CodeIgniter\CodeIgniter))
 7 FCPATH\index.php(56): CodeIgniter\Boot::bootWeb(Object(Config\Paths))
 8 SYSTEMPATH\rewrite.php(44): require_once('D:\\laragon\\www\\IGGLIA_3A_N°11_AndyFranck\\public\\index.php')
CRITICAL - 2024-08-31 13:05:08 --> ErrorException: Undefined array key "id"
[Method: POST, Route: login]
in APPPATH\Controllers\Home.php on line 32.
 1 APPPATH\Controllers\Home.php(32): CodeIgniter\Debug\Exceptions->errorHandler(2, 'Undefined array key "id"', 'D:\\laragon\\www\\IGGLIA_3A_N°11_AndyFranck\\app\\Controllers\\Home.php', 32)
 2 SYSTEMPATH\CodeIgniter.php(933): App\Controllers\Home->login()
 3 SYSTEMPATH\CodeIgniter.php(509): CodeIgniter\CodeIgniter->runController(Object(App\Controllers\Home))
 4 SYSTEMPATH\CodeIgniter.php(355): CodeIgniter\CodeIgniter->handleRequest(null, Object(Config\Cache), false)
 5 SYSTEMPATH\Boot.php(325): CodeIgniter\CodeIgniter->run()
 6 SYSTEMPATH\Boot.php(67): CodeIgniter\Boot::runCodeIgniter(Object(CodeIgniter\CodeIgniter))
 7 FCPATH\index.php(56): CodeIgniter\Boot::bootWeb(Object(Config\Paths))
 8 SYSTEMPATH\rewrite.php(44): require_once('D:\\laragon\\www\\IGGLIA_3A_N°11_AndyFranck\\public\\index.php')
CRITICAL - 2024-08-31 13:07:11 --> ErrorException: Uninitialized string offset 0
[Method: POST, Route: login]
in APPPATH\Controllers\Home.php on line 33.
 1 APPPATH\Controllers\Home.php(33): CodeIgniter\Debug\Exceptions->errorHandler(2, 'Uninitialized string offset 0', 'D:\\laragon\\www\\IGGLIA_3A_N°11_AndyFranck\\app\\Controllers\\Home.php', 33)
 2 SYSTEMPATH\CodeIgniter.php(933): App\Controllers\Home->login()
 3 SYSTEMPATH\CodeIgniter.php(509): CodeIgniter\CodeIgniter->runController(Object(App\Controllers\Home))
 4 SYSTEMPATH\CodeIgniter.php(355): CodeIgniter\CodeIgniter->handleRequest(null, Object(Config\Cache), false)
 5 SYSTEMPATH\Boot.php(325): CodeIgniter\CodeIgniter->run()
 6 SYSTEMPATH\Boot.php(67): CodeIgniter\Boot::runCodeIgniter(Object(CodeIgniter\CodeIgniter))
 7 FCPATH\index.php(56): CodeIgniter\Boot::bootWeb(Object(Config\Paths))
 8 SYSTEMPATH\rewrite.php(44): require_once('D:\\laragon\\www\\IGGLIA_3A_N°11_AndyFranck\\public\\index.php')
CRITICAL - 2024-08-31 13:07:23 --> ErrorException: Undefined array key 0
[Method: POST, Route: login]
in APPPATH\Controllers\Home.php on line 33.
 1 APPPATH\Controllers\Home.php(33): CodeIgniter\Debug\Exceptions->errorHandler(2, 'Undefined array key 0', 'D:\\laragon\\www\\IGGLIA_3A_N°11_AndyFranck\\app\\Controllers\\Home.php', 33)
 2 SYSTEMPATH\CodeIgniter.php(933): App\Controllers\Home->login()
 3 SYSTEMPATH\CodeIgniter.php(509): CodeIgniter\CodeIgniter->runController(Object(App\Controllers\Home))
 4 SYSTEMPATH\CodeIgniter.php(355): CodeIgniter\CodeIgniter->handleRequest(null, Object(Config\Cache), false)
 5 SYSTEMPATH\Boot.php(325): CodeIgniter\CodeIgniter->run()
 6 SYSTEMPATH\Boot.php(67): CodeIgniter\Boot::runCodeIgniter(Object(CodeIgniter\CodeIgniter))
 7 FCPATH\index.php(56): CodeIgniter\Boot::bootWeb(Object(Config\Paths))
 8 SYSTEMPATH\rewrite.php(44): require_once('D:\\laragon\\www\\IGGLIA_3A_N°11_AndyFranck\\public\\index.php')
CRITICAL - 2024-08-31 13:07:35 --> ErrorException: Attempt to read property "email" on array
[Method: POST, Route: login]
in APPPATH\Controllers\Home.php on line 33.
 1 APPPATH\Controllers\Home.php(33): CodeIgniter\Debug\Exceptions->errorHandler(2, 'Attempt to read property "email" on array', 'D:\\laragon\\www\\IGGLIA_3A_N°11_AndyFranck\\app\\Controllers\\Home.php', 33)
 2 SYSTEMPATH\CodeIgniter.php(933): App\Controllers\Home->login()
 3 SYSTEMPATH\CodeIgniter.php(509): CodeIgniter\CodeIgniter->runController(Object(App\Controllers\Home))
 4 SYSTEMPATH\CodeIgniter.php(355): CodeIgniter\CodeIgniter->handleRequest(null, Object(Config\Cache), false)
 5 SYSTEMPATH\Boot.php(325): CodeIgniter\CodeIgniter->run()
 6 SYSTEMPATH\Boot.php(67): CodeIgniter\Boot::runCodeIgniter(Object(CodeIgniter\CodeIgniter))
 7 FCPATH\index.php(56): CodeIgniter\Boot::bootWeb(Object(Config\Paths))
 8 SYSTEMPATH\rewrite.php(44): require_once('D:\\laragon\\www\\IGGLIA_3A_N°11_AndyFranck\\public\\index.php')
CRITICAL - 2024-08-31 13:09:20 --> ErrorException: Undefined array key "id"
[Method: POST, Route: login]
in APPPATH\Controllers\Home.php on line 33.
 1 APPPATH\Controllers\Home.php(33): CodeIgniter\Debug\Exceptions->errorHandler(2, 'Undefined array key "id"', 'D:\\laragon\\www\\IGGLIA_3A_N°11_AndyFranck\\app\\Controllers\\Home.php', 33)
 2 SYSTEMPATH\CodeIgniter.php(933): App\Controllers\Home->login()
 3 SYSTEMPATH\CodeIgniter.php(509): CodeIgniter\CodeIgniter->runController(Object(App\Controllers\Home))
 4 SYSTEMPATH\CodeIgniter.php(355): CodeIgniter\CodeIgniter->handleRequest(null, Object(Config\Cache), false)
 5 SYSTEMPATH\Boot.php(325): CodeIgniter\CodeIgniter->run()
 6 SYSTEMPATH\Boot.php(67): CodeIgniter\Boot::runCodeIgniter(Object(CodeIgniter\CodeIgniter))
 7 FCPATH\index.php(56): CodeIgniter\Boot::bootWeb(Object(Config\Paths))
 8 SYSTEMPATH\rewrite.php(44): require_once('D:\\laragon\\www\\IGGLIA_3A_N°11_AndyFranck\\public\\index.php')
ERROR - 2024-08-31 13:09:41 --> mysqli_sql_exception: Unknown column 'users' in 'field list' in D:\laragon\www\IGGLIA_3A_N°11_AndyFranck\system\Database\MySQLi\Connection.php:312
Stack trace:
#0 D:\laragon\www\IGGLIA_3A_N°11_AndyFranck\system\Database\MySQLi\Connection.php(312): mysqli->query('SELECT `users`\n...', 0)
#1 D:\laragon\www\IGGLIA_3A_N°11_AndyFranck\system\Database\BaseConnection.php(734): CodeIgniter\Database\MySQLi\Connection->execute('SELECT `users`\n...')
#2 D:\laragon\www\IGGLIA_3A_N°11_AndyFranck\system\Database\BaseConnection.php(648): CodeIgniter\Database\BaseConnection->simpleQuery('SELECT `users`\n...')
#3 D:\laragon\www\IGGLIA_3A_N°11_AndyFranck\system\Database\BaseBuilder.php(1636): CodeIgniter\Database\BaseConnection->query('SELECT `users`\n...', Array, false)
#4 D:\laragon\www\IGGLIA_3A_N°11_AndyFranck\system\Model.php(330): CodeIgniter\Database\BaseBuilder->get()
#5 D:\laragon\www\IGGLIA_3A_N°11_AndyFranck\system\BaseModel.php(714): CodeIgniter\Model->doFirst()
#6 D:\laragon\www\IGGLIA_3A_N°11_AndyFranck\app\Controllers\Home.php(28): CodeIgniter\BaseModel->first()
#7 D:\laragon\www\IGGLIA_3A_N°11_AndyFranck\system\CodeIgniter.php(933): App\Controllers\Home->login()
#8 D:\laragon\www\IGGLIA_3A_N°11_AndyFranck\system\CodeIgniter.php(509): CodeIgniter\CodeIgniter->runController(Object(App\Controllers\Home))
#9 D:\laragon\www\IGGLIA_3A_N°11_AndyFranck\system\CodeIgniter.php(355): CodeIgniter\CodeIgniter->handleRequest(NULL, Object(Config\Cache), false)
#10 D:\laragon\www\IGGLIA_3A_N°11_AndyFranck\system\Boot.php(325): CodeIgniter\CodeIgniter->run()
#11 D:\laragon\www\IGGLIA_3A_N°11_AndyFranck\system\Boot.php(67): CodeIgniter\Boot::runCodeIgniter(Object(CodeIgniter\CodeIgniter))
#12 D:\laragon\www\IGGLIA_3A_N°11_AndyFranck\public\index.php(56): CodeIgniter\Boot::bootWeb(Object(Config\Paths))
#13 D:\laragon\www\IGGLIA_3A_N°11_AndyFranck\system\rewrite.php(44): require_once('D:\\laragon\\www\\...')
#14 {main}
CRITICAL - 2024-08-31 13:09:41 --> CodeIgniter\Database\Exceptions\DatabaseException: Unknown column 'users' in 'field list'
[Method: POST, Route: login]
in SYSTEMPATH\Database\BaseConnection.php on line 688.
 1 SYSTEMPATH\Database\BaseBuilder.php(1636): CodeIgniter\Database\BaseConnection->query('SELECT `users`
FROM `users`
WHERE `email` = :email:
 LIMIT 1', [...], false)
 2 SYSTEMPATH\Model.php(330): CodeIgniter\Database\BaseBuilder->get()
 3 SYSTEMPATH\BaseModel.php(714): CodeIgniter\Model->doFirst()
 4 APPPATH\Controllers\Home.php(28): CodeIgniter\BaseModel->first()
 5 SYSTEMPATH\CodeIgniter.php(933): App\Controllers\Home->login()
 6 SYSTEMPATH\CodeIgniter.php(509): CodeIgniter\CodeIgniter->runController(Object(App\Controllers\Home))
 7 SYSTEMPATH\CodeIgniter.php(355): CodeIgniter\CodeIgniter->handleRequest(null, Object(Config\Cache), false)
 8 SYSTEMPATH\Boot.php(325): CodeIgniter\CodeIgniter->run()
 9 SYSTEMPATH\Boot.php(67): CodeIgniter\Boot::runCodeIgniter(Object(CodeIgniter\CodeIgniter))
10 FCPATH\index.php(56): CodeIgniter\Boot::bootWeb(Object(Config\Paths))
11 SYSTEMPATH\rewrite.php(44): require_once('D:\\laragon\\www\\IGGLIA_3A_N°11_AndyFranck\\public\\index.php')
CRITICAL - 2024-08-31 13:09:41 --> [Caused by] CodeIgniter\Database\Exceptions\DatabaseException: Unknown column 'users' in 'field list'
in SYSTEMPATH\Database\MySQLi\Connection.php on line 317.
 1 SYSTEMPATH\Database\BaseConnection.php(734): CodeIgniter\Database\MySQLi\Connection->execute('SELECT `users`
FROM `users`
WHERE `email` = (\'\')
 LIMIT 1')
 2 SYSTEMPATH\Database\BaseConnection.php(648): CodeIgniter\Database\BaseConnection->simpleQuery('SELECT `users`
FROM `users`
WHERE `email` = (\'\')
 LIMIT 1')
 3 SYSTEMPATH\Database\BaseBuilder.php(1636): CodeIgniter\Database\BaseConnection->query('SELECT `users`
FROM `users`
WHERE `email` = :email:
 LIMIT 1', [...], false)
 4 SYSTEMPATH\Model.php(330): CodeIgniter\Database\BaseBuilder->get()
 5 SYSTEMPATH\BaseModel.php(714): CodeIgniter\Model->doFirst()
 6 APPPATH\Controllers\Home.php(28): CodeIgniter\BaseModel->first()
 7 SYSTEMPATH\CodeIgniter.php(933): App\Controllers\Home->login()
 8 SYSTEMPATH\CodeIgniter.php(509): CodeIgniter\CodeIgniter->runController(Object(App\Controllers\Home))
 9 SYSTEMPATH\CodeIgniter.php(355): CodeIgniter\CodeIgniter->handleRequest(null, Object(Config\Cache), false)
10 SYSTEMPATH\Boot.php(325): CodeIgniter\CodeIgniter->run()
11 SYSTEMPATH\Boot.php(67): CodeIgniter\Boot::runCodeIgniter(Object(CodeIgniter\CodeIgniter))
12 FCPATH\index.php(56): CodeIgniter\Boot::bootWeb(Object(Config\Paths))
13 SYSTEMPATH\rewrite.php(44): require_once('D:\\laragon\\www\\IGGLIA_3A_N°11_AndyFranck\\public\\index.php')
CRITICAL - 2024-08-31 13:09:41 --> [Caused by] mysqli_sql_exception: Unknown column 'users' in 'field list'
in SYSTEMPATH\Database\MySQLi\Connection.php on line 312.
 1 SYSTEMPATH\Database\MySQLi\Connection.php(312): mysqli->query('SELECT `users`
FROM `users`
WHERE `email` = (\'\')
 LIMIT 1', 0)
 2 SYSTEMPATH\Database\BaseConnection.php(734): CodeIgniter\Database\MySQLi\Connection->execute('SELECT `users`
FROM `users`
WHERE `email` = (\'\')
 LIMIT 1')
 3 SYSTEMPATH\Database\BaseConnection.php(648): CodeIgniter\Database\BaseConnection->simpleQuery('SELECT `users`
FROM `users`
WHERE `email` = (\'\')
 LIMIT 1')
 4 SYSTEMPATH\Database\BaseBuilder.php(1636): CodeIgniter\Database\BaseConnection->query('SELECT `users`
FROM `users`
WHERE `email` = :email:
 LIMIT 1', [...], false)
 5 SYSTEMPATH\Model.php(330): CodeIgniter\Database\BaseBuilder->get()
 6 SYSTEMPATH\BaseModel.php(714): CodeIgniter\Model->doFirst()
 7 APPPATH\Controllers\Home.php(28): CodeIgniter\BaseModel->first()
 8 SYSTEMPATH\CodeIgniter.php(933): App\Controllers\Home->login()
 9 SYSTEMPATH\CodeIgniter.php(509): CodeIgniter\CodeIgniter->runController(Object(App\Controllers\Home))
10 SYSTEMPATH\CodeIgniter.php(355): CodeIgniter\CodeIgniter->handleRequest(null, Object(Config\Cache), false)
11 SYSTEMPATH\Boot.php(325): CodeIgniter\CodeIgniter->run()
12 SYSTEMPATH\Boot.php(67): CodeIgniter\Boot::runCodeIgniter(Object(CodeIgniter\CodeIgniter))
13 FCPATH\index.php(56): CodeIgniter\Boot::bootWeb(Object(Config\Paths))
14 SYSTEMPATH\rewrite.php(44): require_once('D:\\laragon\\www\\IGGLIA_3A_N°11_AndyFranck\\public\\index.php')
CRITICAL - 2024-08-31 13:14:18 --> ErrorException: Undefined array key "id"
[Method: POST, Route: login]
in APPPATH\Controllers\Home.php on line 33.
 1 APPPATH\Controllers\Home.php(33): CodeIgniter\Debug\Exceptions->errorHandler(2, 'Undefined array key "id"', 'D:\\laragon\\www\\IGGLIA_3A_N°11_AndyFranck\\app\\Controllers\\Home.php', 33)
 2 SYSTEMPATH\CodeIgniter.php(933): App\Controllers\Home->login()
 3 SYSTEMPATH\CodeIgniter.php(509): CodeIgniter\CodeIgniter->runController(Object(App\Controllers\Home))
 4 SYSTEMPATH\CodeIgniter.php(355): CodeIgniter\CodeIgniter->handleRequest(null, Object(Config\Cache), false)
 5 SYSTEMPATH\Boot.php(325): CodeIgniter\CodeIgniter->run()
 6 SYSTEMPATH\Boot.php(67): CodeIgniter\Boot::runCodeIgniter(Object(CodeIgniter\CodeIgniter))
 7 FCPATH\index.php(56): CodeIgniter\Boot::bootWeb(Object(Config\Paths))
 8 SYSTEMPATH\rewrite.php(44): require_once('D:\\laragon\\www\\IGGLIA_3A_N°11_AndyFranck\\public\\index.php')
CRITICAL - 2024-08-31 13:19:46 --> ErrorException: Array to string conversion
[Method: POST, Route: login]
in APPPATH\Controllers\Home.php on line 34.
 1 APPPATH\Controllers\Home.php(34): CodeIgniter\Debug\Exceptions->errorHandler(2, 'Array to string conversion', 'D:\\laragon\\www\\IGGLIA_3A_N°11_AndyFranck\\app\\Controllers\\Home.php', 34)
 2 SYSTEMPATH\CodeIgniter.php(933): App\Controllers\Home->login()
 3 SYSTEMPATH\CodeIgniter.php(509): CodeIgniter\CodeIgniter->runController(Object(App\Controllers\Home))
 4 SYSTEMPATH\CodeIgniter.php(355): CodeIgniter\CodeIgniter->handleRequest(null, Object(Config\Cache), false)
 5 SYSTEMPATH\Boot.php(325): CodeIgniter\CodeIgniter->run()
 6 SYSTEMPATH\Boot.php(67): CodeIgniter\Boot::runCodeIgniter(Object(CodeIgniter\CodeIgniter))
 7 FCPATH\index.php(56): CodeIgniter\Boot::bootWeb(Object(Config\Paths))
 8 SYSTEMPATH\rewrite.php(44): require_once('D:\\laragon\\www\\IGGLIA_3A_N°11_AndyFranck\\public\\index.php')
CRITICAL - 2024-08-31 13:20:17 --> ErrorException: Undefined array key "email"
[Method: POST, Route: login]
in APPPATH\Controllers\Home.php on line 27.
 1 APPPATH\Controllers\Home.php(27): CodeIgniter\Debug\Exceptions->errorHandler(2, 'Undefined array key "email"', 'D:\\laragon\\www\\IGGLIA_3A_N°11_AndyFranck\\app\\Controllers\\Home.php', 27)
 2 SYSTEMPATH\CodeIgniter.php(933): App\Controllers\Home->login()
 3 SYSTEMPATH\CodeIgniter.php(509): CodeIgniter\CodeIgniter->runController(Object(App\Controllers\Home))
 4 SYSTEMPATH\CodeIgniter.php(355): CodeIgniter\CodeIgniter->handleRequest(null, Object(Config\Cache), false)
 5 SYSTEMPATH\Boot.php(325): CodeIgniter\CodeIgniter->run()
 6 SYSTEMPATH\Boot.php(67): CodeIgniter\Boot::runCodeIgniter(Object(CodeIgniter\CodeIgniter))
 7 FCPATH\index.php(56): CodeIgniter\Boot::bootWeb(Object(Config\Paths))
 8 SYSTEMPATH\rewrite.php(44): require_once('D:\\laragon\\www\\IGGLIA_3A_N°11_AndyFranck\\public\\index.php')
CRITICAL - 2024-08-31 13:20:28 --> ErrorException: Undefined array key "email"
[Method: POST, Route: login]
in APPPATH\Controllers\Home.php on line 28.
 1 APPPATH\Controllers\Home.php(28): CodeIgniter\Debug\Exceptions->errorHandler(2, 'Undefined array key "email"', 'D:\\laragon\\www\\IGGLIA_3A_N°11_AndyFranck\\app\\Controllers\\Home.php', 28)
 2 SYSTEMPATH\CodeIgniter.php(933): App\Controllers\Home->login()
 3 SYSTEMPATH\CodeIgniter.php(509): CodeIgniter\CodeIgniter->runController(Object(App\Controllers\Home))
 4 SYSTEMPATH\CodeIgniter.php(355): CodeIgniter\CodeIgniter->handleRequest(null, Object(Config\Cache), false)
 5 SYSTEMPATH\Boot.php(325): CodeIgniter\CodeIgniter->run()
 6 SYSTEMPATH\Boot.php(67): CodeIgniter\Boot::runCodeIgniter(Object(CodeIgniter\CodeIgniter))
 7 FCPATH\index.php(56): CodeIgniter\Boot::bootWeb(Object(Config\Paths))
 8 SYSTEMPATH\rewrite.php(44): require_once('D:\\laragon\\www\\IGGLIA_3A_N°11_AndyFranck\\public\\index.php')
CRITICAL - 2024-08-31 13:20:40 --> ErrorException: Array to string conversion
[Method: POST, Route: login]
in APPPATH\Controllers\Home.php on line 34.
 1 APPPATH\Controllers\Home.php(34): CodeIgniter\Debug\Exceptions->errorHandler(2, 'Array to string conversion', 'D:\\laragon\\www\\IGGLIA_3A_N°11_AndyFranck\\app\\Controllers\\Home.php', 34)
 2 SYSTEMPATH\CodeIgniter.php(933): App\Controllers\Home->login()
 3 SYSTEMPATH\CodeIgniter.php(509): CodeIgniter\CodeIgniter->runController(Object(App\Controllers\Home))
 4 SYSTEMPATH\CodeIgniter.php(355): CodeIgniter\CodeIgniter->handleRequest(null, Object(Config\Cache), false)
 5 SYSTEMPATH\Boot.php(325): CodeIgniter\CodeIgniter->run()
 6 SYSTEMPATH\Boot.php(67): CodeIgniter\Boot::runCodeIgniter(Object(CodeIgniter\CodeIgniter))
 7 FCPATH\index.php(56): CodeIgniter\Boot::bootWeb(Object(Config\Paths))
 8 SYSTEMPATH\rewrite.php(44): require_once('D:\\laragon\\www\\IGGLIA_3A_N°11_AndyFranck\\public\\index.php')
CRITICAL - 2024-08-31 13:21:32 --> ErrorException: Array to string conversion
[Method: POST, Route: login]
in APPPATH\Controllers\Home.php on line 34.
 1 APPPATH\Controllers\Home.php(34): CodeIgniter\Debug\Exceptions->errorHandler(2, 'Array to string conversion', 'D:\\laragon\\www\\IGGLIA_3A_N°11_AndyFranck\\app\\Controllers\\Home.php', 34)
 2 SYSTEMPATH\CodeIgniter.php(933): App\Controllers\Home->login()
 3 SYSTEMPATH\CodeIgniter.php(509): CodeIgniter\CodeIgniter->runController(Object(App\Controllers\Home))
 4 SYSTEMPATH\CodeIgniter.php(355): CodeIgniter\CodeIgniter->handleRequest(null, Object(Config\Cache), false)
 5 SYSTEMPATH\Boot.php(325): CodeIgniter\CodeIgniter->run()
 6 SYSTEMPATH\Boot.php(67): CodeIgniter\Boot::runCodeIgniter(Object(CodeIgniter\CodeIgniter))
 7 FCPATH\index.php(56): CodeIgniter\Boot::bootWeb(Object(Config\Paths))
 8 SYSTEMPATH\rewrite.php(44): require_once('D:\\laragon\\www\\IGGLIA_3A_N°11_AndyFranck\\public\\index.php')
CRITICAL - 2024-08-31 13:23:31 --> ErrorException: Array to string conversion
[Method: POST, Route: login]
in APPPATH\Controllers\Home.php on line 33.
 1 APPPATH\Controllers\Home.php(33): CodeIgniter\Debug\Exceptions->errorHandler(2, 'Array to string conversion', 'D:\\laragon\\www\\IGGLIA_3A_N°11_AndyFranck\\app\\Controllers\\Home.php', 33)
 2 SYSTEMPATH\CodeIgniter.php(933): App\Controllers\Home->login()
 3 SYSTEMPATH\CodeIgniter.php(509): CodeIgniter\CodeIgniter->runController(Object(App\Controllers\Home))
 4 SYSTEMPATH\CodeIgniter.php(355): CodeIgniter\CodeIgniter->handleRequest(null, Object(Config\Cache), false)
 5 SYSTEMPATH\Boot.php(325): CodeIgniter\CodeIgniter->run()
 6 SYSTEMPATH\Boot.php(67): CodeIgniter\Boot::runCodeIgniter(Object(CodeIgniter\CodeIgniter))
 7 FCPATH\index.php(56): CodeIgniter\Boot::bootWeb(Object(Config\Paths))
 8 SYSTEMPATH\rewrite.php(44): require_once('D:\\laragon\\www\\IGGLIA_3A_N°11_AndyFranck\\public\\index.php')
CRITICAL - 2024-08-31 13:24:11 --> ErrorException: Array to string conversion
[Method: POST, Route: login]
in APPPATH\Controllers\Home.php on line 33.
 1 APPPATH\Controllers\Home.php(33): CodeIgniter\Debug\Exceptions->errorHandler(2, 'Array to string conversion', 'D:\\laragon\\www\\IGGLIA_3A_N°11_AndyFranck\\app\\Controllers\\Home.php', 33)
 2 SYSTEMPATH\CodeIgniter.php(933): App\Controllers\Home->login()
 3 SYSTEMPATH\CodeIgniter.php(509): CodeIgniter\CodeIgniter->runController(Object(App\Controllers\Home))
 4 SYSTEMPATH\CodeIgniter.php(355): CodeIgniter\CodeIgniter->handleRequest(null, Object(Config\Cache), false)
 5 SYSTEMPATH\Boot.php(325): CodeIgniter\CodeIgniter->run()
 6 SYSTEMPATH\Boot.php(67): CodeIgniter\Boot::runCodeIgniter(Object(CodeIgniter\CodeIgniter))
 7 FCPATH\index.php(56): CodeIgniter\Boot::bootWeb(Object(Config\Paths))
 8 SYSTEMPATH\rewrite.php(44): require_once('D:\\laragon\\www\\IGGLIA_3A_N°11_AndyFranck\\public\\index.php')
CRITICAL - 2024-08-31 13:24:57 --> ErrorException: Array to string conversion
[Method: POST, Route: login]
in APPPATH\Controllers\Home.php on line 33.
 1 APPPATH\Controllers\Home.php(33): CodeIgniter\Debug\Exceptions->errorHandler(2, 'Array to string conversion', 'D:\\laragon\\www\\IGGLIA_3A_N°11_AndyFranck\\app\\Controllers\\Home.php', 33)
 2 SYSTEMPATH\CodeIgniter.php(933): App\Controllers\Home->login()
 3 SYSTEMPATH\CodeIgniter.php(509): CodeIgniter\CodeIgniter->runController(Object(App\Controllers\Home))
 4 SYSTEMPATH\CodeIgniter.php(355): CodeIgniter\CodeIgniter->handleRequest(null, Object(Config\Cache), false)
 5 SYSTEMPATH\Boot.php(325): CodeIgniter\CodeIgniter->run()
 6 SYSTEMPATH\Boot.php(67): CodeIgniter\Boot::runCodeIgniter(Object(CodeIgniter\CodeIgniter))
 7 FCPATH\index.php(56): CodeIgniter\Boot::bootWeb(Object(Config\Paths))
 8 SYSTEMPATH\rewrite.php(44): require_once('D:\\laragon\\www\\IGGLIA_3A_N°11_AndyFranck\\public\\index.php')
CRITICAL - 2024-08-31 13:25:05 --> ErrorException: Undefined array key "id"
[Method: POST, Route: login]
in APPPATH\Controllers\Home.php on line 33.
 1 APPPATH\Controllers\Home.php(33): CodeIgniter\Debug\Exceptions->errorHandler(2, 'Undefined array key "id"', 'D:\\laragon\\www\\IGGLIA_3A_N°11_AndyFranck\\app\\Controllers\\Home.php', 33)
 2 SYSTEMPATH\CodeIgniter.php(933): App\Controllers\Home->login()
 3 SYSTEMPATH\CodeIgniter.php(509): CodeIgniter\CodeIgniter->runController(Object(App\Controllers\Home))
 4 SYSTEMPATH\CodeIgniter.php(355): CodeIgniter\CodeIgniter->handleRequest(null, Object(Config\Cache), false)
 5 SYSTEMPATH\Boot.php(325): CodeIgniter\CodeIgniter->run()
 6 SYSTEMPATH\Boot.php(67): CodeIgniter\Boot::runCodeIgniter(Object(CodeIgniter\CodeIgniter))
 7 FCPATH\index.php(56): CodeIgniter\Boot::bootWeb(Object(Config\Paths))
 8 SYSTEMPATH\rewrite.php(44): require_once('D:\\laragon\\www\\IGGLIA_3A_N°11_AndyFranck\\public\\index.php')
CRITICAL - 2024-08-31 13:26:12 --> ErrorException: Array to string conversion
[Method: POST, Route: login]
in APPPATH\Controllers\Home.php on line 33.
 1 APPPATH\Controllers\Home.php(33): CodeIgniter\Debug\Exceptions->errorHandler(2, 'Array to string conversion', 'D:\\laragon\\www\\IGGLIA_3A_N°11_AndyFranck\\app\\Controllers\\Home.php', 33)
 2 SYSTEMPATH\CodeIgniter.php(933): App\Controllers\Home->login()
 3 SYSTEMPATH\CodeIgniter.php(509): CodeIgniter\CodeIgniter->runController(Object(App\Controllers\Home))
 4 SYSTEMPATH\CodeIgniter.php(355): CodeIgniter\CodeIgniter->handleRequest(null, Object(Config\Cache), false)
 5 SYSTEMPATH\Boot.php(325): CodeIgniter\CodeIgniter->run()
 6 SYSTEMPATH\Boot.php(67): CodeIgniter\Boot::runCodeIgniter(Object(CodeIgniter\CodeIgniter))
 7 FCPATH\index.php(56): CodeIgniter\Boot::bootWeb(Object(Config\Paths))
 8 SYSTEMPATH\rewrite.php(44): require_once('D:\\laragon\\www\\IGGLIA_3A_N°11_AndyFranck\\public\\index.php')
CRITICAL - 2024-08-31 13:26:34 --> ErrorException: Array to string conversion
[Method: POST, Route: login]
in APPPATH\Controllers\Home.php on line 33.
 1 APPPATH\Controllers\Home.php(33): CodeIgniter\Debug\Exceptions->errorHandler(2, 'Array to string conversion', 'D:\\laragon\\www\\IGGLIA_3A_N°11_AndyFranck\\app\\Controllers\\Home.php', 33)
 2 SYSTEMPATH\CodeIgniter.php(933): App\Controllers\Home->login()
 3 SYSTEMPATH\CodeIgniter.php(509): CodeIgniter\CodeIgniter->runController(Object(App\Controllers\Home))
 4 SYSTEMPATH\CodeIgniter.php(355): CodeIgniter\CodeIgniter->handleRequest(null, Object(Config\Cache), false)
 5 SYSTEMPATH\Boot.php(325): CodeIgniter\CodeIgniter->run()
 6 SYSTEMPATH\Boot.php(67): CodeIgniter\Boot::runCodeIgniter(Object(CodeIgniter\CodeIgniter))
 7 FCPATH\index.php(56): CodeIgniter\Boot::bootWeb(Object(Config\Paths))
 8 SYSTEMPATH\rewrite.php(44): require_once('D:\\laragon\\www\\IGGLIA_3A_N°11_AndyFranck\\public\\index.php')
CRITICAL - 2024-08-31 13:26:54 --> ErrorException: Array to string conversion
[Method: POST, Route: login]
in APPPATH\Controllers\Home.php on line 33.
 1 APPPATH\Controllers\Home.php(33): CodeIgniter\Debug\Exceptions->errorHandler(2, 'Array to string conversion', 'D:\\laragon\\www\\IGGLIA_3A_N°11_AndyFranck\\app\\Controllers\\Home.php', 33)
 2 SYSTEMPATH\CodeIgniter.php(933): App\Controllers\Home->login()
 3 SYSTEMPATH\CodeIgniter.php(509): CodeIgniter\CodeIgniter->runController(Object(App\Controllers\Home))
 4 SYSTEMPATH\CodeIgniter.php(355): CodeIgniter\CodeIgniter->handleRequest(null, Object(Config\Cache), false)
 5 SYSTEMPATH\Boot.php(325): CodeIgniter\CodeIgniter->run()
 6 SYSTEMPATH\Boot.php(67): CodeIgniter\Boot::runCodeIgniter(Object(CodeIgniter\CodeIgniter))
 7 FCPATH\index.php(56): CodeIgniter\Boot::bootWeb(Object(Config\Paths))
 8 SYSTEMPATH\rewrite.php(44): require_once('D:\\laragon\\www\\IGGLIA_3A_N°11_AndyFranck\\public\\index.php')
CRITICAL - 2024-08-31 13:29:11 --> ErrorException: Array to string conversion
[Method: POST, Route: login]
in APPPATH\Controllers\Home.php on line 33.
 1 APPPATH\Controllers\Home.php(33): CodeIgniter\Debug\Exceptions->errorHandler(2, 'Array to string conversion', 'D:\\laragon\\www\\IGGLIA_3A_N°11_AndyFranck\\app\\Controllers\\Home.php', 33)
 2 SYSTEMPATH\CodeIgniter.php(933): App\Controllers\Home->login()
 3 SYSTEMPATH\CodeIgniter.php(509): CodeIgniter\CodeIgniter->runController(Object(App\Controllers\Home))
 4 SYSTEMPATH\CodeIgniter.php(355): CodeIgniter\CodeIgniter->handleRequest(null, Object(Config\Cache), false)
 5 SYSTEMPATH\Boot.php(325): CodeIgniter\CodeIgniter->run()
 6 SYSTEMPATH\Boot.php(67): CodeIgniter\Boot::runCodeIgniter(Object(CodeIgniter\CodeIgniter))
 7 FCPATH\index.php(56): CodeIgniter\Boot::bootWeb(Object(Config\Paths))
 8 SYSTEMPATH\rewrite.php(44): require_once('D:\\laragon\\www\\IGGLIA_3A_N°11_AndyFranck\\public\\index.php')
CRITICAL - 2024-08-31 14:05:17 --> ErrorException: Undefined variable $books
[Method: GET, Route: /]
in APPPATH\Views\liste.php on line 26.
 1 APPPATH\Views\liste.php(26): CodeIgniter\Debug\Exceptions->errorHandler(2, 'Undefined variable $books', 'D:\\laragon\\www\\IGGLIA_3A_N°11_AndyFranck\\app\\Views\\liste.php', 26)
 2 SYSTEMPATH\View\View.php(234): include('D:\\laragon\\www\\IGGLIA_3A_N°11_AndyFranck\\app\\Views\\liste.php')
 3 SYSTEMPATH\View\View.php(237): CodeIgniter\View\View->CodeIgniter\View\{closure}()
 4 SYSTEMPATH\Common.php(1171): CodeIgniter\View\View->render('liste', [], true)
 5 APPPATH\Controllers\Home.php(12): view('liste', [...])
 6 SYSTEMPATH\CodeIgniter.php(933): App\Controllers\Home->index()
 7 SYSTEMPATH\CodeIgniter.php(509): CodeIgniter\CodeIgniter->runController(Object(App\Controllers\Home))
 8 SYSTEMPATH\CodeIgniter.php(355): CodeIgniter\CodeIgniter->handleRequest(null, Object(Config\Cache), false)
 9 SYSTEMPATH\Boot.php(325): CodeIgniter\CodeIgniter->run()
10 SYSTEMPATH\Boot.php(67): CodeIgniter\Boot::runCodeIgniter(Object(CodeIgniter\CodeIgniter))
11 FCPATH\index.php(56): CodeIgniter\Boot::bootWeb(Object(Config\Paths))
12 SYSTEMPATH\rewrite.php(44): require_once('D:\\laragon\\www\\IGGLIA_3A_N°11_AndyFranck\\public\\index.php')
CRITICAL - 2024-08-31 14:05:18 --> ErrorException: Undefined variable $books
[Method: GET, Route: /]
in APPPATH\Views\liste.php on line 26.
 1 APPPATH\Views\liste.php(26): CodeIgniter\Debug\Exceptions->errorHandler(2, 'Undefined variable $books', 'D:\\laragon\\www\\IGGLIA_3A_N°11_AndyFranck\\app\\Views\\liste.php', 26)
 2 SYSTEMPATH\View\View.php(234): include('D:\\laragon\\www\\IGGLIA_3A_N°11_AndyFranck\\app\\Views\\liste.php')
 3 SYSTEMPATH\View\View.php(237): CodeIgniter\View\View->CodeIgniter\View\{closure}()
 4 SYSTEMPATH\Common.php(1171): CodeIgniter\View\View->render('liste', [], true)
 5 APPPATH\Controllers\Home.php(12): view('liste', [...])
 6 SYSTEMPATH\CodeIgniter.php(933): App\Controllers\Home->index()
 7 SYSTEMPATH\CodeIgniter.php(509): CodeIgniter\CodeIgniter->runController(Object(App\Controllers\Home))
 8 SYSTEMPATH\CodeIgniter.php(355): CodeIgniter\CodeIgniter->handleRequest(null, Object(Config\Cache), false)
 9 SYSTEMPATH\Boot.php(325): CodeIgniter\CodeIgniter->run()
10 SYSTEMPATH\Boot.php(67): CodeIgniter\Boot::runCodeIgniter(Object(CodeIgniter\CodeIgniter))
11 FCPATH\index.php(56): CodeIgniter\Boot::bootWeb(Object(Config\Paths))
12 SYSTEMPATH\rewrite.php(44): require_once('D:\\laragon\\www\\IGGLIA_3A_N°11_AndyFranck\\public\\index.php')
CRITICAL - 2024-08-31 14:13:49 --> ErrorException: Undefined variable $user
[Method: GET, Route: addBook]
in APPPATH\Views\addBook.php on line 10.
 1 APPPATH\Views\addBook.php(10): CodeIgniter\Debug\Exceptions->errorHandler(2, 'Undefined variable $user', 'D:\\laragon\\www\\IGGLIA_3A_N°11_AndyFranck\\app\\Views\\addBook.php', 10)
 2 SYSTEMPATH\View\View.php(234): include('D:\\laragon\\www\\IGGLIA_3A_N°11_AndyFranck\\app\\Views\\addBook.php')
 3 SYSTEMPATH\View\View.php(237): CodeIgniter\View\View->CodeIgniter\View\{closure}()
 4 SYSTEMPATH\Common.php(1171): CodeIgniter\View\View->render('addBook', [], true)
 5 APPPATH\Controllers\Home.php(15): view('addBook')
 6 SYSTEMPATH\CodeIgniter.php(933): App\Controllers\Home->book()
 7 SYSTEMPATH\CodeIgniter.php(509): CodeIgniter\CodeIgniter->runController(Object(App\Controllers\Home))
 8 SYSTEMPATH\CodeIgniter.php(355): CodeIgniter\CodeIgniter->handleRequest(null, Object(Config\Cache), false)
 9 SYSTEMPATH\Boot.php(325): CodeIgniter\CodeIgniter->run()
10 SYSTEMPATH\Boot.php(67): CodeIgniter\Boot::runCodeIgniter(Object(CodeIgniter\CodeIgniter))
11 FCPATH\index.php(56): CodeIgniter\Boot::bootWeb(Object(Config\Paths))
12 SYSTEMPATH\rewrite.php(44): require_once('D:\\laragon\\www\\IGGLIA_3A_N°11_AndyFranck\\public\\index.php')
CRITICAL - 2024-08-31 14:30:12 --> ErrorException: Array to string conversion
[Method: POST, Route: login]
in APPPATH\Controllers\loginController.php on line 25.
 1 APPPATH\Controllers\loginController.php(25): CodeIgniter\Debug\Exceptions->errorHandler(2, 'Array to string conversion', 'D:\\laragon\\www\\IGGLIA_3A_N°11_AndyFranck\\app\\Controllers\\loginController.php', 25)
 2 SYSTEMPATH\CodeIgniter.php(933): App\Controllers\LoginController->login()
 3 SYSTEMPATH\CodeIgniter.php(509): CodeIgniter\CodeIgniter->runController(Object(App\Controllers\LoginController))
 4 SYSTEMPATH\CodeIgniter.php(355): CodeIgniter\CodeIgniter->handleRequest(null, Object(Config\Cache), false)
 5 SYSTEMPATH\Boot.php(325): CodeIgniter\CodeIgniter->run()
 6 SYSTEMPATH\Boot.php(67): CodeIgniter\Boot::runCodeIgniter(Object(CodeIgniter\CodeIgniter))
 7 FCPATH\index.php(56): CodeIgniter\Boot::bootWeb(Object(Config\Paths))
 8 SYSTEMPATH\rewrite.php(44): require_once('D:\\laragon\\www\\IGGLIA_3A_N°11_AndyFranck\\public\\index.php')
CRITICAL - 2024-08-31 14:34:45 --> ErrorException: Array to string conversion
[Method: POST, Route: login]
in APPPATH\Controllers\loginController.php on line 26.
 1 APPPATH\Controllers\loginController.php(26): CodeIgniter\Debug\Exceptions->errorHandler(2, 'Array to string conversion', 'D:\\laragon\\www\\IGGLIA_3A_N°11_AndyFranck\\app\\Controllers\\loginController.php', 26)
 2 SYSTEMPATH\CodeIgniter.php(933): App\Controllers\LoginController->login()
 3 SYSTEMPATH\CodeIgniter.php(509): CodeIgniter\CodeIgniter->runController(Object(App\Controllers\LoginController))
 4 SYSTEMPATH\CodeIgniter.php(355): CodeIgniter\CodeIgniter->handleRequest(null, Object(Config\Cache), false)
 5 SYSTEMPATH\Boot.php(325): CodeIgniter\CodeIgniter->run()
 6 SYSTEMPATH\Boot.php(67): CodeIgniter\Boot::runCodeIgniter(Object(CodeIgniter\CodeIgniter))
 7 FCPATH\index.php(56): CodeIgniter\Boot::bootWeb(Object(Config\Paths))
 8 SYSTEMPATH\rewrite.php(44): require_once('D:\\laragon\\www\\IGGLIA_3A_N°11_AndyFranck\\public\\index.php')
CRITICAL - 2024-08-31 14:37:09 --> ErrorException: Attempt to read property "email" on array
[Method: POST, Route: login]
in APPPATH\Controllers\loginController.php on line 26.
 1 APPPATH\Controllers\loginController.php(26): CodeIgniter\Debug\Exceptions->errorHandler(2, 'Attempt to read property "email" on array', 'D:\\laragon\\www\\IGGLIA_3A_N°11_AndyFranck\\app\\Controllers\\loginController.php', 26)
 2 SYSTEMPATH\CodeIgniter.php(933): App\Controllers\LoginController->login()
 3 SYSTEMPATH\CodeIgniter.php(509): CodeIgniter\CodeIgniter->runController(Object(App\Controllers\LoginController))
 4 SYSTEMPATH\CodeIgniter.php(355): CodeIgniter\CodeIgniter->handleRequest(null, Object(Config\Cache), false)
 5 SYSTEMPATH\Boot.php(325): CodeIgniter\CodeIgniter->run()
 6 SYSTEMPATH\Boot.php(67): CodeIgniter\Boot::runCodeIgniter(Object(CodeIgniter\CodeIgniter))
 7 FCPATH\index.php(56): CodeIgniter\Boot::bootWeb(Object(Config\Paths))
 8 SYSTEMPATH\rewrite.php(44): require_once('D:\\laragon\\www\\IGGLIA_3A_N°11_AndyFranck\\public\\index.php')
CRITICAL - 2024-08-31 14:37:21 --> ErrorException: Array to string conversion
[Method: POST, Route: login]
in APPPATH\Controllers\loginController.php on line 26.
 1 APPPATH\Controllers\loginController.php(26): CodeIgniter\Debug\Exceptions->errorHandler(2, 'Array to string conversion', 'D:\\laragon\\www\\IGGLIA_3A_N°11_AndyFranck\\app\\Controllers\\loginController.php', 26)
 2 SYSTEMPATH\CodeIgniter.php(933): App\Controllers\LoginController->login()
 3 SYSTEMPATH\CodeIgniter.php(509): CodeIgniter\CodeIgniter->runController(Object(App\Controllers\LoginController))
 4 SYSTEMPATH\CodeIgniter.php(355): CodeIgniter\CodeIgniter->handleRequest(null, Object(Config\Cache), false)
 5 SYSTEMPATH\Boot.php(325): CodeIgniter\CodeIgniter->run()
 6 SYSTEMPATH\Boot.php(67): CodeIgniter\Boot::runCodeIgniter(Object(CodeIgniter\CodeIgniter))
 7 FCPATH\index.php(56): CodeIgniter\Boot::bootWeb(Object(Config\Paths))
 8 SYSTEMPATH\rewrite.php(44): require_once('D:\\laragon\\www\\IGGLIA_3A_N°11_AndyFranck\\public\\index.php')
CRITICAL - 2024-08-31 14:37:28 --> ErrorException: Array to string conversion
[Method: POST, Route: login]
in APPPATH\Controllers\loginController.php on line 26.
 1 APPPATH\Controllers\loginController.php(26): CodeIgniter\Debug\Exceptions->errorHandler(2, 'Array to string conversion', 'D:\\laragon\\www\\IGGLIA_3A_N°11_AndyFranck\\app\\Controllers\\loginController.php', 26)
 2 SYSTEMPATH\CodeIgniter.php(933): App\Controllers\LoginController->login()
 3 SYSTEMPATH\CodeIgniter.php(509): CodeIgniter\CodeIgniter->runController(Object(App\Controllers\LoginController))
 4 SYSTEMPATH\CodeIgniter.php(355): CodeIgniter\CodeIgniter->handleRequest(null, Object(Config\Cache), false)
 5 SYSTEMPATH\Boot.php(325): CodeIgniter\CodeIgniter->run()
 6 SYSTEMPATH\Boot.php(67): CodeIgniter\Boot::runCodeIgniter(Object(CodeIgniter\CodeIgniter))
 7 FCPATH\index.php(56): CodeIgniter\Boot::bootWeb(Object(Config\Paths))
 8 SYSTEMPATH\rewrite.php(44): require_once('D:\\laragon\\www\\IGGLIA_3A_N°11_AndyFranck\\public\\index.php')
CRITICAL - 2024-08-31 15:07:06 --> ErrorException: Array to string conversion
[Method: POST, Route: loginAdmin]
in APPPATH\Controllers\loginController.php on line 25.
 1 APPPATH\Controllers\loginController.php(25): CodeIgniter\Debug\Exceptions->errorHandler(2, 'Array to string conversion', 'D:\\laragon\\www\\IGGLIA_3A_N°11_AndyFranck\\app\\Controllers\\loginController.php', 25)
 2 SYSTEMPATH\CodeIgniter.php(933): App\Controllers\LoginController->loginAdmin()
 3 SYSTEMPATH\CodeIgniter.php(509): CodeIgniter\CodeIgniter->runController(Object(App\Controllers\LoginController))
 4 SYSTEMPATH\CodeIgniter.php(355): CodeIgniter\CodeIgniter->handleRequest(null, Object(Config\Cache), false)
 5 SYSTEMPATH\Boot.php(325): CodeIgniter\CodeIgniter->run()
 6 SYSTEMPATH\Boot.php(67): CodeIgniter\Boot::runCodeIgniter(Object(CodeIgniter\CodeIgniter))
 7 FCPATH\index.php(56): CodeIgniter\Boot::bootWeb(Object(Config\Paths))
 8 SYSTEMPATH\rewrite.php(44): require_once('D:\\laragon\\www\\IGGLIA_3A_N°11_AndyFranck\\public\\index.php')
CRITICAL - 2024-08-31 15:08:52 --> ErrorException: Array to string conversion
[Method: POST, Route: loginAdmin]
in APPPATH\Controllers\loginController.php on line 25.
 1 APPPATH\Controllers\loginController.php(25): CodeIgniter\Debug\Exceptions->errorHandler(2, 'Array to string conversion', 'D:\\laragon\\www\\IGGLIA_3A_N°11_AndyFranck\\app\\Controllers\\loginController.php', 25)
 2 SYSTEMPATH\CodeIgniter.php(933): App\Controllers\LoginController->loginAdmin()
 3 SYSTEMPATH\CodeIgniter.php(509): CodeIgniter\CodeIgniter->runController(Object(App\Controllers\LoginController))
 4 SYSTEMPATH\CodeIgniter.php(355): CodeIgniter\CodeIgniter->handleRequest(null, Object(Config\Cache), false)
 5 SYSTEMPATH\Boot.php(325): CodeIgniter\CodeIgniter->run()
 6 SYSTEMPATH\Boot.php(67): CodeIgniter\Boot::runCodeIgniter(Object(CodeIgniter\CodeIgniter))
 7 FCPATH\index.php(56): CodeIgniter\Boot::bootWeb(Object(Config\Paths))
 8 SYSTEMPATH\rewrite.php(44): require_once('D:\\laragon\\www\\IGGLIA_3A_N°11_AndyFranck\\public\\index.php')
CRITICAL - 2024-08-31 15:09:00 --> ErrorException: Array to string conversion
[Method: POST, Route: loginAdmin]
in APPPATH\Controllers\loginController.php on line 25.
 1 APPPATH\Controllers\loginController.php(25): CodeIgniter\Debug\Exceptions->errorHandler(2, 'Array to string conversion', 'D:\\laragon\\www\\IGGLIA_3A_N°11_AndyFranck\\app\\Controllers\\loginController.php', 25)
 2 SYSTEMPATH\CodeIgniter.php(933): App\Controllers\LoginController->loginAdmin()
 3 SYSTEMPATH\CodeIgniter.php(509): CodeIgniter\CodeIgniter->runController(Object(App\Controllers\LoginController))
 4 SYSTEMPATH\CodeIgniter.php(355): CodeIgniter\CodeIgniter->handleRequest(null, Object(Config\Cache), false)
 5 SYSTEMPATH\Boot.php(325): CodeIgniter\CodeIgniter->run()
 6 SYSTEMPATH\Boot.php(67): CodeIgniter\Boot::runCodeIgniter(Object(CodeIgniter\CodeIgniter))
 7 FCPATH\index.php(56): CodeIgniter\Boot::bootWeb(Object(Config\Paths))
 8 SYSTEMPATH\rewrite.php(44): require_once('D:\\laragon\\www\\IGGLIA_3A_N°11_AndyFranck\\public\\index.php')
CRITICAL - 2024-08-31 15:21:08 --> ErrorException: Array to string conversion
[Method: POST, Route: loginAdmin]
in APPPATH\Controllers\loginController.php on line 25.
 1 APPPATH\Controllers\loginController.php(25): CodeIgniter\Debug\Exceptions->errorHandler(2, 'Array to string conversion', 'D:\\laragon\\www\\IGGLIA_3A_N°11_AndyFranck\\app\\Controllers\\loginController.php', 25)
 2 SYSTEMPATH\CodeIgniter.php(933): App\Controllers\LoginController->loginAdmin()
 3 SYSTEMPATH\CodeIgniter.php(509): CodeIgniter\CodeIgniter->runController(Object(App\Controllers\LoginController))
 4 SYSTEMPATH\CodeIgniter.php(355): CodeIgniter\CodeIgniter->handleRequest(null, Object(Config\Cache), false)
 5 SYSTEMPATH\Boot.php(325): CodeIgniter\CodeIgniter->run()
 6 SYSTEMPATH\Boot.php(67): CodeIgniter\Boot::runCodeIgniter(Object(CodeIgniter\CodeIgniter))
 7 FCPATH\index.php(56): CodeIgniter\Boot::bootWeb(Object(Config\Paths))
 8 SYSTEMPATH\rewrite.php(44): require_once('D:\\laragon\\www\\IGGLIA_3A_N°11_AndyFranck\\public\\index.php')
CRITICAL - 2024-08-31 15:27:41 --> ErrorException: Undefined variable $books
[Method: GET, Route: liste]
in APPPATH\Views\liste.php on line 26.
 1 APPPATH\Views\liste.php(26): CodeIgniter\Debug\Exceptions->errorHandler(2, 'Undefined variable $books', 'D:\\laragon\\www\\IGGLIA_3A_N°11_AndyFranck\\app\\Views\\liste.php', 26)
 2 SYSTEMPATH\View\View.php(234): include('D:\\laragon\\www\\IGGLIA_3A_N°11_AndyFranck\\app\\Views\\liste.php')
 3 SYSTEMPATH\View\View.php(237): CodeIgniter\View\View->CodeIgniter\View\{closure}()
 4 SYSTEMPATH\Common.php(1171): CodeIgniter\View\View->render('liste', [], true)
 5 APPPATH\Controllers\Home.php(15): view('liste')
 6 SYSTEMPATH\CodeIgniter.php(933): App\Controllers\Home->liste()
 7 SYSTEMPATH\CodeIgniter.php(509): CodeIgniter\CodeIgniter->runController(Object(App\Controllers\Home))
 8 SYSTEMPATH\CodeIgniter.php(355): CodeIgniter\CodeIgniter->handleRequest(null, Object(Config\Cache), false)
 9 SYSTEMPATH\Boot.php(325): CodeIgniter\CodeIgniter->run()
10 SYSTEMPATH\Boot.php(67): CodeIgniter\Boot::runCodeIgniter(Object(CodeIgniter\CodeIgniter))
11 FCPATH\index.php(56): CodeIgniter\Boot::bootWeb(Object(Config\Paths))
12 SYSTEMPATH\rewrite.php(44): require_once('D:\\laragon\\www\\IGGLIA_3A_N°11_AndyFranck\\public\\index.php')
CRITICAL - 2024-08-31 15:41:12 --> ErrorException: Undefined variable $users
[Method: GET, Route: liste]
in APPPATH\Views\liste.php on line 26.
 1 APPPATH\Views\liste.php(26): CodeIgniter\Debug\Exceptions->errorHandler(2, 'Undefined variable $users', 'D:\\laragon\\www\\IGGLIA_3A_N°11_AndyFranck\\app\\Views\\liste.php', 26)
 2 SYSTEMPATH\View\View.php(234): include('D:\\laragon\\www\\IGGLIA_3A_N°11_AndyFranck\\app\\Views\\liste.php')
 3 SYSTEMPATH\View\View.php(237): CodeIgniter\View\View->CodeIgniter\View\{closure}()
 4 SYSTEMPATH\Common.php(1171): CodeIgniter\View\View->render('liste', [], true)
 5 APPPATH\Controllers\Home.php(15): view('liste')
 6 SYSTEMPATH\CodeIgniter.php(933): App\Controllers\Home->liste()
 7 SYSTEMPATH\CodeIgniter.php(509): CodeIgniter\CodeIgniter->runController(Object(App\Controllers\Home))
 8 SYSTEMPATH\CodeIgniter.php(355): CodeIgniter\CodeIgniter->handleRequest(null, Object(Config\Cache), false)
 9 SYSTEMPATH\Boot.php(325): CodeIgniter\CodeIgniter->run()
10 SYSTEMPATH\Boot.php(67): CodeIgniter\Boot::runCodeIgniter(Object(CodeIgniter\CodeIgniter))
11 FCPATH\index.php(56): CodeIgniter\Boot::bootWeb(Object(Config\Paths))
12 SYSTEMPATH\rewrite.php(44): require_once('D:\\laragon\\www\\IGGLIA_3A_N°11_AndyFranck\\public\\index.php')
CRITICAL - 2024-08-31 15:41:20 --> ErrorException: Undefined variable $manja
[Method: GET, Route: liste]
in APPPATH\Views\liste.php on line 26.
 1 APPPATH\Views\liste.php(26): CodeIgniter\Debug\Exceptions->errorHandler(2, 'Undefined variable $manja', 'D:\\laragon\\www\\IGGLIA_3A_N°11_AndyFranck\\app\\Views\\liste.php', 26)
 2 SYSTEMPATH\View\View.php(234): include('D:\\laragon\\www\\IGGLIA_3A_N°11_AndyFranck\\app\\Views\\liste.php')
 3 SYSTEMPATH\View\View.php(237): CodeIgniter\View\View->CodeIgniter\View\{closure}()
 4 SYSTEMPATH\Common.php(1171): CodeIgniter\View\View->render('liste', [], true)
 5 APPPATH\Controllers\Home.php(15): view('liste')
 6 SYSTEMPATH\CodeIgniter.php(933): App\Controllers\Home->liste()
 7 SYSTEMPATH\CodeIgniter.php(509): CodeIgniter\CodeIgniter->runController(Object(App\Controllers\Home))
 8 SYSTEMPATH\CodeIgniter.php(355): CodeIgniter\CodeIgniter->handleRequest(null, Object(Config\Cache), false)
 9 SYSTEMPATH\Boot.php(325): CodeIgniter\CodeIgniter->run()
10 SYSTEMPATH\Boot.php(67): CodeIgniter\Boot::runCodeIgniter(Object(CodeIgniter\CodeIgniter))
11 FCPATH\index.php(56): CodeIgniter\Boot::bootWeb(Object(Config\Paths))
12 SYSTEMPATH\rewrite.php(44): require_once('D:\\laragon\\www\\IGGLIA_3A_N°11_AndyFranck\\public\\index.php')
CRITICAL - 2024-08-31 15:42:44 --> ErrorException: Undefined variable $manja
[Method: GET, Route: liste]
in APPPATH\Views\liste.php on line 27.
 1 APPPATH\Views\liste.php(27): CodeIgniter\Debug\Exceptions->errorHandler(2, 'Undefined variable $manja', 'D:\\laragon\\www\\IGGLIA_3A_N°11_AndyFranck\\app\\Views\\liste.php', 27)
 2 SYSTEMPATH\View\View.php(234): include('D:\\laragon\\www\\IGGLIA_3A_N°11_AndyFranck\\app\\Views\\liste.php')
 3 SYSTEMPATH\View\View.php(237): CodeIgniter\View\View->CodeIgniter\View\{closure}()
 4 SYSTEMPATH\Common.php(1171): CodeIgniter\View\View->render('liste', [], true)
 5 APPPATH\Controllers\Home.php(15): view('liste')
 6 SYSTEMPATH\CodeIgniter.php(933): App\Controllers\Home->liste()
 7 SYSTEMPATH\CodeIgniter.php(509): CodeIgniter\CodeIgniter->runController(Object(App\Controllers\Home))
 8 SYSTEMPATH\CodeIgniter.php(355): CodeIgniter\CodeIgniter->handleRequest(null, Object(Config\Cache), false)
 9 SYSTEMPATH\Boot.php(325): CodeIgniter\CodeIgniter->run()
10 SYSTEMPATH\Boot.php(67): CodeIgniter\Boot::runCodeIgniter(Object(CodeIgniter\CodeIgniter))
11 FCPATH\index.php(56): CodeIgniter\Boot::bootWeb(Object(Config\Paths))
12 SYSTEMPATH\rewrite.php(44): require_once('D:\\laragon\\www\\IGGLIA_3A_N°11_AndyFranck\\public\\index.php')
CRITICAL - 2024-08-31 15:43:04 --> ErrorException: Undefined variable $books
[Method: GET, Route: liste]
in APPPATH\Views\liste.php on line 27.
 1 APPPATH\Views\liste.php(27): CodeIgniter\Debug\Exceptions->errorHandler(2, 'Undefined variable $books', 'D:\\laragon\\www\\IGGLIA_3A_N°11_AndyFranck\\app\\Views\\liste.php', 27)
 2 SYSTEMPATH\View\View.php(234): include('D:\\laragon\\www\\IGGLIA_3A_N°11_AndyFranck\\app\\Views\\liste.php')
 3 SYSTEMPATH\View\View.php(237): CodeIgniter\View\View->CodeIgniter\View\{closure}()
 4 SYSTEMPATH\Common.php(1171): CodeIgniter\View\View->render('liste', [], true)
 5 APPPATH\Controllers\Home.php(15): view('liste')
 6 SYSTEMPATH\CodeIgniter.php(933): App\Controllers\Home->liste()
 7 SYSTEMPATH\CodeIgniter.php(509): CodeIgniter\CodeIgniter->runController(Object(App\Controllers\Home))
 8 SYSTEMPATH\CodeIgniter.php(355): CodeIgniter\CodeIgniter->handleRequest(null, Object(Config\Cache), false)
 9 SYSTEMPATH\Boot.php(325): CodeIgniter\CodeIgniter->run()
10 SYSTEMPATH\Boot.php(67): CodeIgniter\Boot::runCodeIgniter(Object(CodeIgniter\CodeIgniter))
11 FCPATH\index.php(56): CodeIgniter\Boot::bootWeb(Object(Config\Paths))
12 SYSTEMPATH\rewrite.php(44): require_once('D:\\laragon\\www\\IGGLIA_3A_N°11_AndyFranck\\public\\index.php')
CRITICAL - 2024-08-31 15:52:13 --> ErrorException: Undefined variable $books
[Method: GET, Route: liste]
in APPPATH\Views\liste.php on line 28.
 1 APPPATH\Views\liste.php(28): CodeIgniter\Debug\Exceptions->errorHandler(2, 'Undefined variable $books', 'D:\\laragon\\www\\IGGLIA_3A_N°11_AndyFranck\\app\\Views\\liste.php', 28)
 2 SYSTEMPATH\View\View.php(234): include('D:\\laragon\\www\\IGGLIA_3A_N°11_AndyFranck\\app\\Views\\liste.php')
 3 SYSTEMPATH\View\View.php(237): CodeIgniter\View\View->CodeIgniter\View\{closure}()
 4 SYSTEMPATH\Common.php(1171): CodeIgniter\View\View->render('liste', [], true)
 5 APPPATH\Controllers\Home.php(15): view('liste')
 6 SYSTEMPATH\CodeIgniter.php(933): App\Controllers\Home->liste()
 7 SYSTEMPATH\CodeIgniter.php(509): CodeIgniter\CodeIgniter->runController(Object(App\Controllers\Home))
 8 SYSTEMPATH\CodeIgniter.php(355): CodeIgniter\CodeIgniter->handleRequest(null, Object(Config\Cache), false)
 9 SYSTEMPATH\Boot.php(325): CodeIgniter\CodeIgniter->run()
10 SYSTEMPATH\Boot.php(67): CodeIgniter\Boot::runCodeIgniter(Object(CodeIgniter\CodeIgniter))
11 FCPATH\index.php(56): CodeIgniter\Boot::bootWeb(Object(Config\Paths))
12 SYSTEMPATH\rewrite.php(44): require_once('D:\\laragon\\www\\IGGLIA_3A_N°11_AndyFranck\\public\\index.php')
CRITICAL - 2024-08-31 16:11:12 --> ErrorException: Undefined variable $books
[Method: GET, Route: liste]
in APPPATH\Views\liste.php on line 28.
 1 APPPATH\Views\liste.php(28): CodeIgniter\Debug\Exceptions->errorHandler(2, 'Undefined variable $books', 'D:\\laragon\\www\\IGGLIA_3A_N°11_AndyFranck\\app\\Views\\liste.php', 28)
 2 SYSTEMPATH\View\View.php(234): include('D:\\laragon\\www\\IGGLIA_3A_N°11_AndyFranck\\app\\Views\\liste.php')
 3 SYSTEMPATH\View\View.php(237): CodeIgniter\View\View->CodeIgniter\View\{closure}()
 4 SYSTEMPATH\Common.php(1171): CodeIgniter\View\View->render('liste', [], true)
 5 APPPATH\Controllers\Home.php(15): view('liste')
 6 SYSTEMPATH\CodeIgniter.php(933): App\Controllers\Home->liste()
 7 SYSTEMPATH\CodeIgniter.php(509): CodeIgniter\CodeIgniter->runController(Object(App\Controllers\Home))
 8 SYSTEMPATH\CodeIgniter.php(355): CodeIgniter\CodeIgniter->handleRequest(null, Object(Config\Cache), false)
 9 SYSTEMPATH\Boot.php(325): CodeIgniter\CodeIgniter->run()
10 SYSTEMPATH\Boot.php(67): CodeIgniter\Boot::runCodeIgniter(Object(CodeIgniter\CodeIgniter))
11 FCPATH\index.php(56): CodeIgniter\Boot::bootWeb(Object(Config\Paths))
12 SYSTEMPATH\rewrite.php(44): require_once('D:\\laragon\\www\\IGGLIA_3A_N°11_AndyFranck\\public\\index.php')
CRITICAL - 2024-08-31 16:47:59 --> CodeIgniter\View\Exceptions\ViewException: Invalid file: "liste.php"
[Method: GET, Route: librairy]
in SYSTEMPATH\Exceptions\FrameworkException.php on line 41.
 1 SYSTEMPATH\View\View.php(222): CodeIgniter\Exceptions\FrameworkException::forInvalidFile('liste.php')
 2 SYSTEMPATH\Common.php(1171): CodeIgniter\View\View->render('liste', [], true)
 3 APPPATH\Controllers\Home.php(15): view('liste')
 4 SYSTEMPATH\CodeIgniter.php(933): App\Controllers\Home->liste()
 5 SYSTEMPATH\CodeIgniter.php(509): CodeIgniter\CodeIgniter->runController(Object(App\Controllers\Home))
 6 SYSTEMPATH\CodeIgniter.php(355): CodeIgniter\CodeIgniter->handleRequest(null, Object(Config\Cache), false)
 7 SYSTEMPATH\Boot.php(325): CodeIgniter\CodeIgniter->run()
 8 SYSTEMPATH\Boot.php(67): CodeIgniter\Boot::runCodeIgniter(Object(CodeIgniter\CodeIgniter))
 9 FCPATH\index.php(56): CodeIgniter\Boot::bootWeb(Object(Config\Paths))
10 SYSTEMPATH\rewrite.php(44): require_once('D:\\laragon\\www\\IGGLIA_3A_N°11_AndyFranck\\public\\index.php')
CRITICAL - 2024-08-31 16:49:03 --> CodeIgniter\View\Exceptions\ViewException: Invalid file: "liste.php"
[Method: GET, Route: librairy]
in SYSTEMPATH\Exceptions\FrameworkException.php on line 41.
 1 SYSTEMPATH\View\View.php(222): CodeIgniter\Exceptions\FrameworkException::forInvalidFile('liste.php')
 2 SYSTEMPATH\Common.php(1171): CodeIgniter\View\View->render('liste', [], true)
 3 APPPATH\Controllers\Home.php(15): view('liste')
 4 SYSTEMPATH\CodeIgniter.php(933): App\Controllers\Home->liste()
 5 SYSTEMPATH\CodeIgniter.php(509): CodeIgniter\CodeIgniter->runController(Object(App\Controllers\Home))
 6 SYSTEMPATH\CodeIgniter.php(355): CodeIgniter\CodeIgniter->handleRequest(null, Object(Config\Cache), false)
 7 SYSTEMPATH\Boot.php(325): CodeIgniter\CodeIgniter->run()
 8 SYSTEMPATH\Boot.php(67): CodeIgniter\Boot::runCodeIgniter(Object(CodeIgniter\CodeIgniter))
 9 FCPATH\index.php(56): CodeIgniter\Boot::bootWeb(Object(Config\Paths))
10 SYSTEMPATH\rewrite.php(44): require_once('D:\\laragon\\www\\IGGLIA_3A_N°11_AndyFranck\\public\\index.php')
CRITICAL - 2024-08-31 16:49:54 --> ErrorException: Undefined variable $books
[Method: GET, Route: librairy]
in APPPATH\Views\librairy.php on line 28.
 1 APPPATH\Views\librairy.php(28): CodeIgniter\Debug\Exceptions->errorHandler(2, 'Undefined variable $books', 'D:\\laragon\\www\\IGGLIA_3A_N°11_AndyFranck\\app\\Views\\librairy.php', 28)
 2 SYSTEMPATH\View\View.php(234): include('D:\\laragon\\www\\IGGLIA_3A_N°11_AndyFranck\\app\\Views\\librairy.php')
 3 SYSTEMPATH\View\View.php(237): CodeIgniter\View\View->CodeIgniter\View\{closure}()
 4 SYSTEMPATH\Common.php(1171): CodeIgniter\View\View->render('librairy', [], true)
 5 APPPATH\Controllers\Home.php(15): view('librairy')
 6 SYSTEMPATH\CodeIgniter.php(933): App\Controllers\Home->liste()
 7 SYSTEMPATH\CodeIgniter.php(509): CodeIgniter\CodeIgniter->runController(Object(App\Controllers\Home))
 8 SYSTEMPATH\CodeIgniter.php(355): CodeIgniter\CodeIgniter->handleRequest(null, Object(Config\Cache), false)
 9 SYSTEMPATH\Boot.php(325): CodeIgniter\CodeIgniter->run()
10 SYSTEMPATH\Boot.php(67): CodeIgniter\Boot::runCodeIgniter(Object(CodeIgniter\CodeIgniter))
11 FCPATH\index.php(56): CodeIgniter\Boot::bootWeb(Object(Config\Paths))
12 SYSTEMPATH\rewrite.php(44): require_once('D:\\laragon\\www\\IGGLIA_3A_N°11_AndyFranck\\public\\index.php')
CRITICAL - 2024-08-31 16:50:06 --> ErrorException: Undefined variable $books
[Method: GET, Route: librairy]
in APPPATH\Views\librairy.php on line 28.
 1 APPPATH\Views\librairy.php(28): CodeIgniter\Debug\Exceptions->errorHandler(2, 'Undefined variable $books', 'D:\\laragon\\www\\IGGLIA_3A_N°11_AndyFranck\\app\\Views\\librairy.php', 28)
 2 SYSTEMPATH\View\View.php(234): include('D:\\laragon\\www\\IGGLIA_3A_N°11_AndyFranck\\app\\Views\\librairy.php')
 3 SYSTEMPATH\View\View.php(237): CodeIgniter\View\View->CodeIgniter\View\{closure}()
 4 SYSTEMPATH\Common.php(1171): CodeIgniter\View\View->render('librairy', [], true)
 5 APPPATH\Controllers\Home.php(15): view('librairy')
 6 SYSTEMPATH\CodeIgniter.php(933): App\Controllers\Home->liste()
 7 SYSTEMPATH\CodeIgniter.php(509): CodeIgniter\CodeIgniter->runController(Object(App\Controllers\Home))
 8 SYSTEMPATH\CodeIgniter.php(355): CodeIgniter\CodeIgniter->handleRequest(null, Object(Config\Cache), false)
 9 SYSTEMPATH\Boot.php(325): CodeIgniter\CodeIgniter->run()
10 SYSTEMPATH\Boot.php(67): CodeIgniter\Boot::runCodeIgniter(Object(CodeIgniter\CodeIgniter))
11 FCPATH\index.php(56): CodeIgniter\Boot::bootWeb(Object(Config\Paths))
12 SYSTEMPATH\rewrite.php(44): require_once('D:\\laragon\\www\\IGGLIA_3A_N°11_AndyFranck\\public\\index.php')
CRITICAL - 2024-08-31 16:50:25 --> ErrorException: Undefined variable $books
[Method: GET, Route: librairy]
in APPPATH\Views\librairy.php on line 28.
 1 APPPATH\Views\librairy.php(28): CodeIgniter\Debug\Exceptions->errorHandler(2, 'Undefined variable $books', 'D:\\laragon\\www\\IGGLIA_3A_N°11_AndyFranck\\app\\Views\\librairy.php', 28)
 2 SYSTEMPATH\View\View.php(234): include('D:\\laragon\\www\\IGGLIA_3A_N°11_AndyFranck\\app\\Views\\librairy.php')
 3 SYSTEMPATH\View\View.php(237): CodeIgniter\View\View->CodeIgniter\View\{closure}()
 4 SYSTEMPATH\Common.php(1171): CodeIgniter\View\View->render('librairy', [], true)
 5 APPPATH\Controllers\Home.php(15): view('librairy')
 6 SYSTEMPATH\CodeIgniter.php(933): App\Controllers\Home->liste()
 7 SYSTEMPATH\CodeIgniter.php(509): CodeIgniter\CodeIgniter->runController(Object(App\Controllers\Home))
 8 SYSTEMPATH\CodeIgniter.php(355): CodeIgniter\CodeIgniter->handleRequest(null, Object(Config\Cache), false)
 9 SYSTEMPATH\Boot.php(325): CodeIgniter\CodeIgniter->run()
10 SYSTEMPATH\Boot.php(67): CodeIgniter\Boot::runCodeIgniter(Object(CodeIgniter\CodeIgniter))
11 FCPATH\index.php(56): CodeIgniter\Boot::bootWeb(Object(Config\Paths))
12 SYSTEMPATH\rewrite.php(44): require_once('D:\\laragon\\www\\IGGLIA_3A_N°11_AndyFranck\\public\\index.php')
CRITICAL - 2024-08-31 16:52:10 --> ErrorException: Undefined variable $books
[Method: GET, Route: librairyAdmin]
in APPPATH\Views\librairy.php on line 28.
 1 APPPATH\Views\librairy.php(28): CodeIgniter\Debug\Exceptions->errorHandler(2, 'Undefined variable $books', 'D:\\laragon\\www\\IGGLIA_3A_N°11_AndyFranck\\app\\Views\\librairy.php', 28)
 2 SYSTEMPATH\View\View.php(234): include('D:\\laragon\\www\\IGGLIA_3A_N°11_AndyFranck\\app\\Views\\librairy.php')
 3 SYSTEMPATH\View\View.php(237): CodeIgniter\View\View->CodeIgniter\View\{closure}()
 4 SYSTEMPATH\Common.php(1171): CodeIgniter\View\View->render('librairy', [], true)
 5 APPPATH\Controllers\Home.php(15): view('librairy')
 6 SYSTEMPATH\CodeIgniter.php(933): App\Controllers\Home->liste()
 7 SYSTEMPATH\CodeIgniter.php(509): CodeIgniter\CodeIgniter->runController(Object(App\Controllers\Home))
 8 SYSTEMPATH\CodeIgniter.php(355): CodeIgniter\CodeIgniter->handleRequest(null, Object(Config\Cache), false)
 9 SYSTEMPATH\Boot.php(325): CodeIgniter\CodeIgniter->run()
10 SYSTEMPATH\Boot.php(67): CodeIgniter\Boot::runCodeIgniter(Object(CodeIgniter\CodeIgniter))
11 FCPATH\index.php(56): CodeIgniter\Boot::bootWeb(Object(Config\Paths))
12 SYSTEMPATH\rewrite.php(44): require_once('D:\\laragon\\www\\IGGLIA_3A_N°11_AndyFranck\\public\\index.php')
CRITICAL - 2024-08-31 16:54:41 --> ErrorException: Undefined variable $books
[Method: GET, Route: librairy]
in APPPATH\Views\librairy.php on line 28.
 1 APPPATH\Views\librairy.php(28): CodeIgniter\Debug\Exceptions->errorHandler(2, 'Undefined variable $books', 'D:\\laragon\\www\\IGGLIA_3A_N°11_AndyFranck\\app\\Views\\librairy.php', 28)
 2 SYSTEMPATH\View\View.php(234): include('D:\\laragon\\www\\IGGLIA_3A_N°11_AndyFranck\\app\\Views\\librairy.php')
 3 SYSTEMPATH\View\View.php(237): CodeIgniter\View\View->CodeIgniter\View\{closure}()
 4 SYSTEMPATH\Common.php(1171): CodeIgniter\View\View->render('librairy', [], true)
 5 APPPATH\Controllers\Home.php(15): view('librairy')
 6 SYSTEMPATH\CodeIgniter.php(933): App\Controllers\Home->liste()
 7 SYSTEMPATH\CodeIgniter.php(509): CodeIgniter\CodeIgniter->runController(Object(App\Controllers\Home))
 8 SYSTEMPATH\CodeIgniter.php(355): CodeIgniter\CodeIgniter->handleRequest(null, Object(Config\Cache), false)
 9 SYSTEMPATH\Boot.php(325): CodeIgniter\CodeIgniter->run()
10 SYSTEMPATH\Boot.php(67): CodeIgniter\Boot::runCodeIgniter(Object(CodeIgniter\CodeIgniter))
11 FCPATH\index.php(56): CodeIgniter\Boot::bootWeb(Object(Config\Paths))
12 SYSTEMPATH\rewrite.php(44): require_once('D:\\laragon\\www\\IGGLIA_3A_N°11_AndyFranck\\public\\index.php')
CRITICAL - 2024-08-31 16:56:51 --> ErrorException: Undefined variable $books
[Method: GET, Route: librairyAdmin]
in APPPATH\Views\librairy.php on line 28.
 1 APPPATH\Views\librairy.php(28): CodeIgniter\Debug\Exceptions->errorHandler(2, 'Undefined variable $books', 'D:\\laragon\\www\\IGGLIA_3A_N°11_AndyFranck\\app\\Views\\librairy.php', 28)
 2 SYSTEMPATH\View\View.php(234): include('D:\\laragon\\www\\IGGLIA_3A_N°11_AndyFranck\\app\\Views\\librairy.php')
 3 SYSTEMPATH\View\View.php(237): CodeIgniter\View\View->CodeIgniter\View\{closure}()
 4 SYSTEMPATH\Common.php(1171): CodeIgniter\View\View->render('librairy', [], true)
 5 APPPATH\Controllers\Home.php(15): view('librairy')
 6 SYSTEMPATH\CodeIgniter.php(933): App\Controllers\Home->liste()
 7 SYSTEMPATH\CodeIgniter.php(509): CodeIgniter\CodeIgniter->runController(Object(App\Controllers\Home))
 8 SYSTEMPATH\CodeIgniter.php(355): CodeIgniter\CodeIgniter->handleRequest(null, Object(Config\Cache), false)
 9 SYSTEMPATH\Boot.php(325): CodeIgniter\CodeIgniter->run()
10 SYSTEMPATH\Boot.php(67): CodeIgniter\Boot::runCodeIgniter(Object(CodeIgniter\CodeIgniter))
11 FCPATH\index.php(56): CodeIgniter\Boot::bootWeb(Object(Config\Paths))
12 SYSTEMPATH\rewrite.php(44): require_once('D:\\laragon\\www\\IGGLIA_3A_N°11_AndyFranck\\public\\index.php')
